{"/home/gustavo/projetos-trybe/sd-023-b-trybe-futebol-clube/app/backend/src/app.ts":{"path":"/home/gustavo/projetos-trybe/sd-023-b-trybe-futebol-clube/app/backend/src/app.ts","statementMap":{"0":{"start":{"line":2,"column":0},"end":{"line":2,"column":62}},"1":{"start":{"line":3,"column":0},"end":{"line":3,"column":35}},"2":{"start":{"line":4,"column":16},"end":{"line":4,"column":34}},"3":{"start":{"line":5,"column":29},"end":{"line":5,"column":67}},"4":{"start":{"line":6,"column":24},"end":{"line":6,"column":57}},"5":{"start":{"line":7,"column":22},"end":{"line":7,"column":53}},"6":{"start":{"line":8,"column":21},"end":{"line":8,"column":51}},"7":{"start":{"line":11,"column":8},"end":{"line":11,"column":29}},"8":{"start":{"line":12,"column":8},"end":{"line":12,"column":22}},"9":{"start":{"line":14,"column":8},"end":{"line":14,"column":64}},"10":{"start":{"line":14,"column":40},"end":{"line":14,"column":62}},"11":{"start":{"line":17,"column":30},"end":{"line":22,"column":9}},"12":{"start":{"line":18,"column":12},"end":{"line":18,"column":59}},"13":{"start":{"line":19,"column":12},"end":{"line":19,"column":92}},"14":{"start":{"line":20,"column":12},"end":{"line":20,"column":60}},"15":{"start":{"line":21,"column":12},"end":{"line":21,"column":19}},"16":{"start":{"line":23,"column":8},"end":{"line":23,"column":37}},"17":{"start":{"line":24,"column":8},"end":{"line":24,"column":36}},"18":{"start":{"line":25,"column":8},"end":{"line":25,"column":53}},"19":{"start":{"line":26,"column":8},"end":{"line":26,"column":54}},"20":{"start":{"line":27,"column":8},"end":{"line":27,"column":58}},"21":{"start":{"line":28,"column":8},"end":{"line":28,"column":67}},"22":{"start":{"line":31,"column":8},"end":{"line":31,"column":76}},"23":{"start":{"line":31,"column":36},"end":{"line":31,"column":74}},"24":{"start":{"line":34,"column":0},"end":{"line":34,"column":18}},"25":{"start":{"line":36,"column":0},"end":{"line":36,"column":28}}},"fnMap":{"0":{"name":"(anonymous_0)","decl":{"start":{"line":10,"column":4},"end":{"line":10,"column":5}},"loc":{"start":{"line":10,"column":18},"end":{"line":15,"column":5}},"line":10},"1":{"name":"(anonymous_1)","decl":{"start":{"line":14,"column":26},"end":{"line":14,"column":27}},"loc":{"start":{"line":14,"column":40},"end":{"line":14,"column":62}},"line":14},"2":{"name":"(anonymous_2)","decl":{"start":{"line":16,"column":4},"end":{"line":16,"column":5}},"loc":{"start":{"line":16,"column":13},"end":{"line":29,"column":5}},"line":16},"3":{"name":"(anonymous_3)","decl":{"start":{"line":17,"column":30},"end":{"line":17,"column":31}},"loc":{"start":{"line":17,"column":51},"end":{"line":22,"column":9}},"line":17},"4":{"name":"(anonymous_4)","decl":{"start":{"line":30,"column":4},"end":{"line":30,"column":5}},"loc":{"start":{"line":30,"column":16},"end":{"line":32,"column":5}},"line":30},"5":{"name":"(anonymous_5)","decl":{"start":{"line":31,"column":30},"end":{"line":31,"column":31}},"loc":{"start":{"line":31,"column":36},"end":{"line":31,"column":74}},"line":31}},"branchMap":{},"s":{"0":1,"1":1,"2":1,"3":1,"4":1,"5":1,"6":1,"7":1,"8":1,"9":1,"10":0,"11":1,"12":4,"13":4,"14":4,"15":4,"16":1,"17":1,"18":1,"19":1,"20":1,"21":1,"22":0,"23":0,"24":1,"25":1},"f":{"0":1,"1":0,"2":1,"3":4,"4":0,"5":0},"b":{},"inputSourceMap":{"version":3,"file":"/home/gustavo/projetos-trybe/sd-023-b-trybe-futebol-clube/app/backend/src/app.ts","sources":["/home/gustavo/projetos-trybe/sd-023-b-trybe-futebol-clube/app/backend/src/app.ts"],"names":[],"mappings":";;;AAAA,mCAAmC;AACnC,oEAA4D;AAC5D,0DAAmD;AACnD,sDAA+C;AAC/C,oDAA6C;AAE7C,MAAM,GAAG;IAGP;QACE,IAAI,CAAC,GAAG,GAAG,OAAO,EAAE,CAAC;QAErB,IAAI,CAAC,MAAM,EAAE,CAAC;QAEd,wBAAwB;QACxB,IAAI,CAAC,GAAG,CAAC,GAAG,CAAC,GAAG,EAAE,CAAC,GAAG,EAAE,GAAG,EAAE,EAAE,CAAC,GAAG,CAAC,IAAI,CAAC,EAAE,EAAE,EAAE,IAAI,EAAE,CAAC,CAAC,CAAC;IAC1D,CAAC;IAEO,MAAM;QACZ,MAAM,aAAa,GAA2B,CAAC,IAAI,EAAE,GAAG,EAAE,IAAI,EAAE,EAAE;YAChE,GAAG,CAAC,MAAM,CAAC,6BAA6B,EAAE,GAAG,CAAC,CAAC;YAC/C,GAAG,CAAC,MAAM,CACR,8BAA8B,EAC9B,mCAAmC,CACpC,CAAC;YACF,GAAG,CAAC,MAAM,CAAC,8BAA8B,EAAE,GAAG,CAAC,CAAC;YAChD,IAAI,EAAE,CAAC;QACT,CAAC,CAAC;QAEF,IAAI,CAAC,GAAG,CAAC,GAAG,CAAC,OAAO,CAAC,IAAI,EAAE,CAAC,CAAC;QAC7B,IAAI,CAAC,GAAG,CAAC,GAAG,CAAC,aAAa,CAAC,CAAC;QAC5B,IAAI,CAAC,GAAG,CAAC,GAAG,CAAC,QAAQ,EAAE,oBAAU,CAAC,CAAC;QACnC,IAAI,CAAC,GAAG,CAAC,GAAG,CAAC,QAAQ,EAAE,qBAAW,CAAC,CAAC;QACpC,IAAI,CAAC,GAAG,CAAC,GAAG,CAAC,UAAU,EAAE,uBAAa,CAAC,CAAC;QACxC,IAAI,CAAC,GAAG,CAAC,GAAG,CAAC,cAAc,EAAE,4BAAiB,CAAC,CAAC;IAClD,CAAC;IAEM,KAAK,CAAC,IAAqB;QAChC,IAAI,CAAC,GAAG,CAAC,MAAM,CAAC,IAAI,EAAE,GAAG,EAAE,CAAC,OAAO,CAAC,GAAG,CAAC,mBAAmB,IAAI,EAAE,CAAC,CAAC,CAAC;IACtE,CAAC;CACF;AAEQ,kBAAG;AAEZ,2FAA2F;AAC5E,WAAG,GAAK,IAAI,GAAG,EAAE,KAAC","sourcesContent":["import * as express from 'express';\nimport leaderboardRouter from './routes/leaderboard.Router';\nimport matchesRouter from './routes/matchesRouter';\nimport teamsRouter from './routes/teamsRouter';\nimport userRouter from './routes/userRoutes';\n\nclass App {\n  public app: express.Express;\n\n  constructor() {\n    this.app = express();\n\n    this.config();\n\n    // Não remover essa rota\n    this.app.get('/', (req, res) => res.json({ ok: true }));\n  }\n\n  private config(): void {\n    const accessControl: express.RequestHandler = (_req, res, next) => {\n      res.header('Access-Control-Allow-Origin', '*');\n      res.header(\n        'Access-Control-Allow-Methods',\n        'GET,POST,DELETE,OPTIONS,PUT,PATCH',\n      );\n      res.header('Access-Control-Allow-Headers', '*');\n      next();\n    };\n\n    this.app.use(express.json());\n    this.app.use(accessControl);\n    this.app.use('/login', userRouter);\n    this.app.use('/teams', teamsRouter);\n    this.app.use('/matches', matchesRouter);\n    this.app.use('/leaderboard', leaderboardRouter);\n  }\n\n  public start(PORT: string | number): void {\n    this.app.listen(PORT, () => console.log(`Running on port ${PORT}`));\n  }\n}\n\nexport { App };\n\n// Essa segunda exportação é estratégica, e a execução dos testes de cobertura depende dela\nexport const { app } = new App();\n"]},"_coverageSchema":"1a1c01bbd47fc00a2c39e90264f33305004495a9","hash":"b0c9c74344b1bda7696cbf4cc3434766df105dda"},"/home/gustavo/projetos-trybe/sd-023-b-trybe-futebol-clube/app/backend/src/routes/leaderboard.Router.ts":{"path":"/home/gustavo/projetos-trybe/sd-023-b-trybe-futebol-clube/app/backend/src/routes/leaderboard.Router.ts","statementMap":{"0":{"start":{"line":2,"column":0},"end":{"line":2,"column":62}},"1":{"start":{"line":3,"column":16},"end":{"line":3,"column":34}},"2":{"start":{"line":4,"column":26},"end":{"line":4,"column":73}},"3":{"start":{"line":5,"column":32},"end":{"line":5,"column":88}},"4":{"start":{"line":6,"column":24},"end":{"line":6,"column":69}},"5":{"start":{"line":7,"column":26},"end":{"line":7,"column":42}},"6":{"start":{"line":8,"column":23},"end":{"line":8,"column":54}},"7":{"start":{"line":9,"column":21},"end":{"line":9,"column":50}},"8":{"start":{"line":10,"column":25},"end":{"line":10,"column":90}},"9":{"start":{"line":11,"column":0},"end":{"line":11,"column":85}},"10":{"start":{"line":11,"column":45},"end":{"line":11,"column":83}},"11":{"start":{"line":12,"column":0},"end":{"line":12,"column":36}}},"fnMap":{"0":{"name":"(anonymous_0)","decl":{"start":{"line":11,"column":31},"end":{"line":11,"column":32}},"loc":{"start":{"line":11,"column":45},"end":{"line":11,"column":83}},"line":11}},"branchMap":{},"s":{"0":1,"1":1,"2":1,"3":1,"4":1,"5":1,"6":1,"7":1,"8":1,"9":1,"10":0,"11":1},"f":{"0":0},"b":{},"inputSourceMap":{"version":3,"file":"/home/gustavo/projetos-trybe/sd-023-b-trybe-futebol-clube/app/backend/src/routes/leaderboard.Router.ts","sources":["/home/gustavo/projetos-trybe/sd-023-b-trybe-futebol-clube/app/backend/src/routes/leaderboard.Router.ts"],"names":[],"mappings":";;AAAA,mCAAmC;AACnC,0EAAkE;AAClE,yFAAmF;AACnF,sEAA8D;AAE9D,MAAM,iBAAiB,GAAG,OAAO,CAAC,MAAM,EAAE,CAAC;AAC3C,MAAM,cAAc,GAAG,IAAI,yBAAc,EAAE,CAAC;AAC5C,MAAM,YAAY,GAAG,IAAI,uBAAY,EAAE,CAAC;AACxC,MAAM,gBAAgB,GAAG,IAAI,+BAAsB,CAAC,cAAc,EAAE,YAAY,CAAC,CAAC;AAElF,iBAAiB,CAAC,GAAG,CAAC,OAAO,EAAE,CAAC,GAAG,EAAE,GAAG,EAAE,EAAE,CAAC,gBAAgB,CAAC,WAAW,CAAC,GAAG,EAAE,GAAG,CAAC,CAAC,CAAC;AACrF,kBAAe,iBAAiB,CAAC","sourcesContent":["import * as express from 'express';\nimport MatchesService from '../database/services/Matches.service';\nimport LeaderboardsController from '../database/controllers/leaderboardController';\nimport TeamsService from '../database/services/Teams.service';\n\nconst leaderboardRouter = express.Router();\nconst macthesService = new MatchesService();\nconst teamsService = new TeamsService();\nconst leaderController = new LeaderboardsController(macthesService, teamsService);\n\nleaderboardRouter.get('/home', (req, res) => leaderController.createTable(req, res));\nexport default leaderboardRouter;\n"]},"_coverageSchema":"1a1c01bbd47fc00a2c39e90264f33305004495a9","hash":"f32ba8aaaf7151885764dcafe08b4ce4146f92be"},"/home/gustavo/projetos-trybe/sd-023-b-trybe-futebol-clube/app/backend/src/database/services/Matches.service.ts":{"path":"/home/gustavo/projetos-trybe/sd-023-b-trybe-futebol-clube/app/backend/src/database/services/Matches.service.ts","statementMap":{"0":{"start":{"line":2,"column":0},"end":{"line":2,"column":62}},"1":{"start":{"line":3,"column":18},"end":{"line":3,"column":46}},"2":{"start":{"line":4,"column":16},"end":{"line":4,"column":42}},"3":{"start":{"line":7,"column":8},"end":{"line":7,"column":37}},"4":{"start":{"line":10,"column":24},"end":{"line":15,"column":10}},"5":{"start":{"line":16,"column":8},"end":{"line":17,"column":51}},"6":{"start":{"line":17,"column":12},"end":{"line":17,"column":51}},"7":{"start":{"line":18,"column":8},"end":{"line":18,"column":23}},"8":{"start":{"line":21,"column":23},"end":{"line":27,"column":10}},"9":{"start":{"line":28,"column":8},"end":{"line":28,"column":22}},"10":{"start":{"line":31,"column":21},"end":{"line":37,"column":9}},"11":{"start":{"line":38,"column":23},"end":{"line":38,"column":50}},"12":{"start":{"line":39,"column":8},"end":{"line":39,"column":28}},"13":{"start":{"line":40,"column":8},"end":{"line":40,"column":22}},"14":{"start":{"line":43,"column":8},"end":{"line":43,"column":72}},"15":{"start":{"line":46,"column":24},"end":{"line":46,"column":51}},"16":{"start":{"line":47,"column":8},"end":{"line":50,"column":9}},"17":{"start":{"line":48,"column":12},"end":{"line":48,"column":72}},"18":{"start":{"line":49,"column":12},"end":{"line":49,"column":72}},"19":{"start":{"line":51,"column":8},"end":{"line":51,"column":29}},"20":{"start":{"line":54,"column":23},"end":{"line":54,"column":47}},"21":{"start":{"line":55,"column":29},"end":{"line":55,"column":108}},"22":{"start":{"line":55,"column":54},"end":{"line":55,"column":107}},"23":{"start":{"line":56,"column":8},"end":{"line":56,"column":28}},"24":{"start":{"line":59,"column":0},"end":{"line":59,"column":33}}},"fnMap":{"0":{"name":"(anonymous_0)","decl":{"start":{"line":6,"column":4},"end":{"line":6,"column":5}},"loc":{"start":{"line":6,"column":18},"end":{"line":8,"column":5}},"line":6},"1":{"name":"(anonymous_1)","decl":{"start":{"line":9,"column":4},"end":{"line":9,"column":5}},"loc":{"start":{"line":9,"column":20},"end":{"line":19,"column":5}},"line":9},"2":{"name":"(anonymous_2)","decl":{"start":{"line":20,"column":4},"end":{"line":20,"column":5}},"loc":{"start":{"line":20,"column":34},"end":{"line":29,"column":5}},"line":20},"3":{"name":"(anonymous_3)","decl":{"start":{"line":30,"column":4},"end":{"line":30,"column":5}},"loc":{"start":{"line":30,"column":37},"end":{"line":41,"column":5}},"line":30},"4":{"name":"(anonymous_4)","decl":{"start":{"line":42,"column":4},"end":{"line":42,"column":5}},"loc":{"start":{"line":42,"column":31},"end":{"line":44,"column":5}},"line":42},"5":{"name":"(anonymous_5)","decl":{"start":{"line":45,"column":4},"end":{"line":45,"column":5}},"loc":{"start":{"line":45,"column":58},"end":{"line":52,"column":5}},"line":45},"6":{"name":"(anonymous_6)","decl":{"start":{"line":53,"column":4},"end":{"line":53,"column":5}},"loc":{"start":{"line":53,"column":33},"end":{"line":57,"column":5}},"line":53},"7":{"name":"(anonymous_7)","decl":{"start":{"line":55,"column":43},"end":{"line":55,"column":44}},"loc":{"start":{"line":55,"column":54},"end":{"line":55,"column":107}},"line":55}},"branchMap":{"0":{"loc":{"start":{"line":16,"column":8},"end":{"line":17,"column":51}},"type":"if","locations":[{"start":{"line":16,"column":8},"end":{"line":17,"column":51}},{"start":{"line":16,"column":8},"end":{"line":17,"column":51}}],"line":16},"1":{"loc":{"start":{"line":47,"column":8},"end":{"line":50,"column":9}},"type":"if","locations":[{"start":{"line":47,"column":8},"end":{"line":50,"column":9}},{"start":{"line":47,"column":8},"end":{"line":50,"column":9}}],"line":47},"2":{"loc":{"start":{"line":47,"column":12},"end":{"line":47,"column":80}},"type":"cond-expr","locations":[{"start":{"line":47,"column":53},"end":{"line":47,"column":59}},{"start":{"line":47,"column":62},"end":{"line":47,"column":80}}],"line":47},"3":{"loc":{"start":{"line":47,"column":12},"end":{"line":47,"column":50}},"type":"binary-expr","locations":[{"start":{"line":47,"column":12},"end":{"line":47,"column":28}},{"start":{"line":47,"column":32},"end":{"line":47,"column":50}}],"line":47},"4":{"loc":{"start":{"line":55,"column":54},"end":{"line":55,"column":107}},"type":"binary-expr","locations":[{"start":{"line":55,"column":54},"end":{"line":55,"column":77}},{"start":{"line":55,"column":81},"end":{"line":55,"column":107}}],"line":55}},"s":{"0":1,"1":1,"2":1,"3":3,"4":0,"5":0,"6":0,"7":0,"8":0,"9":0,"10":0,"11":0,"12":0,"13":0,"14":0,"15":0,"16":0,"17":0,"18":0,"19":0,"20":0,"21":0,"22":0,"23":0,"24":1},"f":{"0":3,"1":0,"2":0,"3":0,"4":0,"5":0,"6":0,"7":0},"b":{"0":[0,0],"1":[0,0],"2":[0,0],"3":[0,0],"4":[0,0]},"inputSourceMap":{"version":3,"file":"/home/gustavo/projetos-trybe/sd-023-b-trybe-futebol-clube/app/backend/src/database/services/Matches.service.ts","sources":["/home/gustavo/projetos-trybe/sd-023-b-trybe-futebol-clube/app/backend/src/database/services/Matches.service.ts"],"names":[],"mappings":";;AACA,+CAAwC;AACxC,2CAAoC;AAEpC,MAAqB,cAAc;IAAnC;QACU,QAAG,GAAG,iBAAO,CAAC;IA6DxB,CAAC;IA3DC,KAAK,CAAC,OAAO;QACX,MAAM,OAAO,GAAG,MAAM,IAAI,CAAC,GAAG,CAAC,OAAO,CAAC;YACrC,OAAO,EAAE;gBACP,EAAE,KAAK,EAAE,eAAK,EAAE,EAAE,EAAE,UAAU,EAAE;gBAChC,EAAE,KAAK,EAAE,eAAK,EAAE,EAAE,EAAE,UAAU,EAAE;aACjC;SACF,CAAC,CAAC;QACH,IAAI,CAAC,OAAO;YAAE,OAAO,EAAE,OAAO,EAAE,kBAAkB,EAAE,CAAC;QACrD,OAAO,OAAO,CAAC;IACjB,CAAC;IAEM,KAAK,CAAC,iBAAiB,CAAC,IAAa;QAC1C,MAAM,MAAM,GAAG,MAAM,IAAI,CAAC,GAAG,CAAC,OAAO,CAAC;YACpC,OAAO,EAAE;gBACP,EAAE,KAAK,EAAE,eAAK,EAAE,EAAE,EAAE,UAAU,EAAE;gBAChC,EAAE,KAAK,EAAE,eAAK,EAAE,EAAE,EAAE,UAAU,EAAE;aACjC;YACD,KAAK,EAAE,EAAE,UAAU,EAAE,IAAI,EAAE;SAC5B,CAAC,CAAC;QACH,OAAO,MAAM,CAAC;IAChB,CAAC;IAED,KAAK,CAAC,aAAa,CAAC,WAAwB;QAC1C,MAAM,IAAI,GAAG;YACX,UAAU,EAAE,MAAM,CAAC,WAAW,CAAC,UAAU,CAAC;YAC1C,UAAU,EAAE,MAAM,CAAC,WAAW,CAAC,UAAU,CAAC;YAC1C,aAAa,EAAE,MAAM,CAAC,WAAW,CAAC,aAAa,CAAC;YAChD,aAAa,EAAE,MAAM,CAAC,WAAW,CAAC,aAAa,CAAC;YAChD,UAAU,EAAE,IAAI;SACjB,CAAC;QACF,MAAM,MAAM,GAAG,MAAM,IAAI,CAAC,GAAG,CAAC,MAAM,CAAC,IAAI,CAAC,CAAC;QAC3C,OAAO,CAAC,GAAG,CAAC,MAAM,CAAC,CAAC;QACpB,OAAO,MAAM,CAAC;IAChB,CAAC;IAED,KAAK,CAAC,gBAAgB,CAAC,EAAU;QAC/B,MAAM,IAAI,CAAC,GAAG,CAAC,MAAM,CAAC,EAAE,UAAU,EAAE,KAAK,EAAE,EAAE,EAAE,KAAK,EAAE,EAAE,EAAE,EAAE,EAAE,CAAC,CAAC;IAClE,CAAC;IAED,KAAK,CAAC,aAAa,CACjB,EAAU,EACV,aAAqB,EACrB,aAAqB;QAErB,MAAM,OAAO,GAAG,MAAM,IAAI,CAAC,GAAG,CAAC,QAAQ,CAAC,EAAE,CAAC,CAAC;QAC5C,IAAI,OAAO,aAAP,OAAO,uBAAP,OAAO,CAAE,UAAU,EAAE;YACvB,MAAM,IAAI,CAAC,GAAG,CAAC,MAAM,CAAC,EAAE,aAAa,EAAE,EAAE,EAAE,KAAK,EAAE,EAAE,EAAE,EAAE,EAAE,CAAC,CAAC;YAC5D,MAAM,IAAI,CAAC,GAAG,CAAC,MAAM,CAAC,EAAE,aAAa,EAAE,EAAE,EAAE,KAAK,EAAE,EAAE,EAAE,EAAE,EAAE,CAAC,CAAC;SAC7D;QACD,OAAO,aAAa,CAAC;IACvB,CAAC;IAEM,KAAK,CAAC,kBAAkB,CAAC,EAAU;QACxC,MAAM,MAAM,GAAG,MAAM,IAAI,CAAC,GAAG,CAAC,OAAO,EAAE,CAAC;QACxC,MAAM,YAAY,GAAG,MAAM,CAAC,MAAM,CAChC,CAAC,KAAK,EAAE,EAAE,CAAC,KAAK,CAAC,UAAU,KAAK,EAAE,IAAI,KAAK,CAAC,UAAU,KAAK,KAAK,CACjE,CAAC;QACF,OAAO,YAAY,CAAC;IACtB,CAAC;CACF;AA9DD,iCA8DC","sourcesContent":["import { DataMatches, IMatches } from '../../interfaces/IMatches';\nimport Matches from '../models/Matches';\nimport Teams from '../models/Teams';\n\nexport default class MatchesService implements IMatches {\n  private _db = Matches;\n\n  async findAll(): Promise<Matches[] | any> {\n    const matches = await this._db.findAll({\n      include: [\n        { model: Teams, as: 'homeTeam' },\n        { model: Teams, as: 'awayTeam' },\n      ],\n    });\n    if (!matches) return { message: 'No matches found' };\n    return matches;\n  }\n\n  public async findAllInProgress(bool: boolean): Promise<Matches[] | any> {\n    const result = await this._db.findAll({\n      include: [\n        { model: Teams, as: 'homeTeam' },\n        { model: Teams, as: 'awayTeam' },\n      ],\n      where: { inProgress: bool },\n    });\n    return result;\n  }\n\n  async createMatches(dataMatches: DataMatches): Promise<Matches> {\n    const DATA = {\n      homeTeamId: Number(dataMatches.homeTeamId),\n      awayTeamId: Number(dataMatches.awayTeamId),\n      homeTeamGoals: Number(dataMatches.homeTeamGoals),\n      awayTeamGoals: Number(dataMatches.awayTeamGoals),\n      inProgress: true,\n    };\n    const result = await this._db.create(DATA);\n    console.log(result);\n    return result;\n  }\n\n  async changeInProgress(id: number): Promise<void> {\n    await this._db.update({ inProgress: false }, { where: { id } });\n  }\n\n  async changeResults(\n    id: number,\n    homeTeamGoals: number,\n    awayTeamGoals: number,\n  ): Promise<Response | any> {\n    const partida = await this._db.findByPk(id);\n    if (partida?.inProgress) {\n      await this._db.update({ homeTeamGoals }, { where: { id } });\n      await this._db.update({ awayTeamGoals }, { where: { id } });\n    }\n    return 'fim de papo';\n  }\n\n  public async findAllMatchesById(id: number): Promise<Matches[] | any> {\n    const result = await this._db.findAll();\n    const resultFilter = result.filter(\n      (index) => index.homeTeamId === id && index.inProgress === false,\n    );\n    return resultFilter;\n  }\n}\n"]},"_coverageSchema":"1a1c01bbd47fc00a2c39e90264f33305004495a9","hash":"456dc84e3d45602a811fe595ddf3e3740f89f32c"},"/home/gustavo/projetos-trybe/sd-023-b-trybe-futebol-clube/app/backend/src/database/models/Matches.ts":{"path":"/home/gustavo/projetos-trybe/sd-023-b-trybe-futebol-clube/app/backend/src/database/models/Matches.ts","statementMap":{"0":{"start":{"line":2,"column":0},"end":{"line":2,"column":62}},"1":{"start":{"line":3,"column":20},"end":{"line":3,"column":40}},"2":{"start":{"line":4,"column":11},"end":{"line":4,"column":23}},"3":{"start":{"line":5,"column":16},"end":{"line":5,"column":34}},"4":{"start":{"line":8,"column":0},"end":{"line":8,"column":26}},"5":{"start":{"line":9,"column":0},"end":{"line":46,"column":3}},"6":{"start":{"line":47,"column":0},"end":{"line":47,"column":81}},"7":{"start":{"line":48,"column":0},"end":{"line":48,"column":81}}},"fnMap":{},"branchMap":{},"s":{"0":1,"1":1,"2":1,"3":1,"4":1,"5":1,"6":1,"7":1},"f":{},"b":{},"inputSourceMap":{"version":3,"file":"/home/gustavo/projetos-trybe/sd-023-b-trybe-futebol-clube/app/backend/src/database/models/Matches.ts","sources":["/home/gustavo/projetos-trybe/sd-023-b-trybe-futebol-clube/app/backend/src/database/models/Matches.ts"],"names":[],"mappings":";;AAAA,yCAA6C;AAC7C,wBAA2B;AAC3B,mCAA4B;AAE5B,MAAqB,OAAQ,SAAQ,iBAAK;CAOzC;AAPD,0BAOC;AAED,OAAO,CAAC,IAAI,CACV;IACE,EAAE,EAAE;QACF,IAAI,EAAE,qBAAS,CAAC,OAAO;QACvB,UAAU,EAAE,IAAI;QAChB,aAAa,EAAE,IAAI;QACnB,SAAS,EAAE,KAAK;KACjB;IACD,UAAU,EAAE;QACV,IAAI,EAAE,qBAAS,CAAC,OAAO;QACvB,SAAS,EAAE,KAAK;QAChB,KAAK,EAAE,cAAc;KACtB;IACD,aAAa,EAAE;QACb,IAAI,EAAE,qBAAS,CAAC,OAAO;QACvB,SAAS,EAAE,KAAK;QAChB,KAAK,EAAE,iBAAiB;KACzB;IACD,UAAU,EAAE;QACV,IAAI,EAAE,qBAAS,CAAC,OAAO;QACvB,SAAS,EAAE,KAAK;QAChB,KAAK,EAAE,cAAc;KACtB;IACD,aAAa,EAAE;QACb,IAAI,EAAE,qBAAS,CAAC,OAAO;QACvB,SAAS,EAAE,KAAK;QAChB,KAAK,EAAE,iBAAiB;KACzB;IACD,UAAU,EAAE;QACV,IAAI,EAAE,qBAAS,CAAC,OAAO;QACvB,SAAS,EAAE,KAAK;QAChB,KAAK,EAAE,aAAa;KACrB;CACF,EACD;IACE,SAAS,EAAE,UAAU;IACrB,SAAS,EAAE,SAAS;IACpB,UAAU,EAAE,KAAK;IACjB,WAAW,EAAE,IAAI;CAClB,CACF,CAAC;AAEF,OAAO,CAAC,SAAS,CAAC,eAAK,EAAE,EAAE,UAAU,EAAE,YAAY,EAAE,EAAE,EAAE,UAAU,EAAE,CAAC,CAAC;AACvE,OAAO,CAAC,SAAS,CAAC,eAAK,EAAE,EAAE,UAAU,EAAE,YAAY,EAAE,EAAE,EAAE,UAAU,EAAE,CAAC,CAAC","sourcesContent":["import { DataTypes, Model } from 'sequelize';\nimport connection from '.';\nimport Teams from './Teams';\n\nexport default class Matches extends Model {\n  declare id: number;\n  declare homeTeamId: number;\n  declare homeTeamGoals: number;\n  declare awayTeamId: number;\n  declare awayTeamGoals: number;\n  declare inProgress: boolean;\n}\n\nMatches.init(\n  {\n    id: {\n      type: DataTypes.INTEGER,\n      primaryKey: true,\n      autoIncrement: true,\n      allowNull: false,\n    },\n    homeTeamId: {\n      type: DataTypes.INTEGER,\n      allowNull: false,\n      field: 'home_team_id',\n    },\n    homeTeamGoals: {\n      type: DataTypes.INTEGER,\n      allowNull: false,\n      field: 'home_team_goals',\n    },\n    awayTeamId: {\n      type: DataTypes.INTEGER,\n      allowNull: false,\n      field: 'away_team_id',\n    },\n    awayTeamGoals: {\n      type: DataTypes.INTEGER,\n      allowNull: false,\n      field: 'away_team_goals',\n    },\n    inProgress: {\n      type: DataTypes.BOOLEAN,\n      allowNull: false,\n      field: 'in_progress',\n    },\n  },\n  {\n    sequelize: connection,\n    tableName: 'matches',\n    timestamps: false,\n    underscored: true,\n  },\n);\n\nMatches.belongsTo(Teams, { foreignKey: 'homeTeamId', as: 'homeTeam' });\nMatches.belongsTo(Teams, { foreignKey: 'awayTeamId', as: 'awayTeam' });\n"]},"_coverageSchema":"1a1c01bbd47fc00a2c39e90264f33305004495a9","hash":"271a2638f5958d5df00051ef0efb416f3bb8dc57"},"/home/gustavo/projetos-trybe/sd-023-b-trybe-futebol-clube/app/backend/src/database/models/index.ts":{"path":"/home/gustavo/projetos-trybe/sd-023-b-trybe-futebol-clube/app/backend/src/database/models/index.ts","statementMap":{"0":{"start":{"line":2,"column":0},"end":{"line":2,"column":62}},"1":{"start":{"line":3,"column":20},"end":{"line":3,"column":40}},"2":{"start":{"line":4,"column":15},"end":{"line":4,"column":44}},"3":{"start":{"line":5,"column":18},"end":{"line":5,"column":51}},"4":{"start":{"line":6,"column":0},"end":{"line":6,"column":28}}},"fnMap":{},"branchMap":{},"s":{"0":1,"1":1,"2":1,"3":1,"4":1},"f":{},"b":{},"inputSourceMap":{"version":3,"file":"/home/gustavo/projetos-trybe/sd-023-b-trybe-futebol-clube/app/backend/src/database/models/index.ts","sources":["/home/gustavo/projetos-trybe/sd-023-b-trybe-futebol-clube/app/backend/src/database/models/index.ts"],"names":[],"mappings":";;AAAA,yCAAsC;AACtC,6CAA6C;AAE7C,MAAM,SAAS,GAAG,IAAI,qBAAS,CAAC,MAAM,CAAC,CAAA;AAEvC,kBAAe,SAAS,CAAC","sourcesContent":["import { Sequelize } from 'sequelize';\nimport * as config from '../config/database';\n\nconst sequelize = new Sequelize(config)\n\nexport default sequelize;\n"]},"_coverageSchema":"1a1c01bbd47fc00a2c39e90264f33305004495a9","hash":"81021a9ecc7ff256c8f3eabed75a30d7b1c7f5c6"},"/home/gustavo/projetos-trybe/sd-023-b-trybe-futebol-clube/app/backend/src/database/models/Teams.ts":{"path":"/home/gustavo/projetos-trybe/sd-023-b-trybe-futebol-clube/app/backend/src/database/models/Teams.ts","statementMap":{"0":{"start":{"line":2,"column":0},"end":{"line":2,"column":62}},"1":{"start":{"line":3,"column":20},"end":{"line":3,"column":40}},"2":{"start":{"line":4,"column":11},"end":{"line":4,"column":23}},"3":{"start":{"line":7,"column":0},"end":{"line":7,"column":24}},"4":{"start":{"line":8,"column":0},"end":{"line":25,"column":3}}},"fnMap":{},"branchMap":{},"s":{"0":1,"1":1,"2":1,"3":1,"4":1},"f":{},"b":{},"inputSourceMap":{"version":3,"file":"/home/gustavo/projetos-trybe/sd-023-b-trybe-futebol-clube/app/backend/src/database/models/Teams.ts","sources":["/home/gustavo/projetos-trybe/sd-023-b-trybe-futebol-clube/app/backend/src/database/models/Teams.ts"],"names":[],"mappings":";;AAAA,yCAA6C;AAC7C,wBAA2B;AAE3B,MAAqB,KAAM,SAAQ,iBAAK;CAGvC;AAHD,wBAGC;AAED,KAAK,CAAC,IAAI,CACR;IACE,EAAE,EAAE;QACF,IAAI,EAAE,qBAAS,CAAC,OAAO;QACvB,UAAU,EAAE,IAAI;QAChB,aAAa,EAAE,IAAI;QACnB,SAAS,EAAE,KAAK;KACjB;IACD,QAAQ,EAAE;QACR,IAAI,EAAE,qBAAS,CAAC,MAAM;QACtB,SAAS,EAAE,KAAK;QAChB,KAAK,EAAE,WAAW;KACnB;CACF,EACD;IACE,SAAS,EAAE,UAAU;IACrB,SAAS,EAAE,OAAO;IAClB,UAAU,EAAE,KAAK;IACjB,WAAW,EAAE,IAAI;CAClB,CACF,CAAC","sourcesContent":["import { DataTypes, Model } from 'sequelize';\nimport connection from '.';\n\nexport default class Teams extends Model {\n  declare id: number;\n  declare teamName: string;\n}\n\nTeams.init(\n  {\n    id: {\n      type: DataTypes.INTEGER,\n      primaryKey: true,\n      autoIncrement: true,\n      allowNull: false,\n    },\n    teamName: {\n      type: DataTypes.STRING,\n      allowNull: false,\n      field: 'team_name',\n    },\n  },\n  {\n    sequelize: connection,\n    tableName: 'teams',\n    timestamps: false,\n    underscored: true,\n  },\n);\n"]},"_coverageSchema":"1a1c01bbd47fc00a2c39e90264f33305004495a9","hash":"6900c3e4ecf3671ee0330ea4bf786e89ab9287ad"},"/home/gustavo/projetos-trybe/sd-023-b-trybe-futebol-clube/app/backend/src/database/controllers/leaderboardController.ts":{"path":"/home/gustavo/projetos-trybe/sd-023-b-trybe-futebol-clube/app/backend/src/database/controllers/leaderboardController.ts","statementMap":{"0":{"start":{"line":2,"column":0},"end":{"line":2,"column":62}},"1":{"start":{"line":3,"column":22},"end":{"line":3,"column":59}},"2":{"start":{"line":6,"column":8},"end":{"line":6,"column":33}},"3":{"start":{"line":7,"column":8},"end":{"line":7,"column":29}},"4":{"start":{"line":10,"column":27},"end":{"line":10,"column":54}},"5":{"start":{"line":11,"column":23},"end":{"line":15,"column":10}},"6":{"start":{"line":12,"column":32},"end":{"line":12,"column":75}},"7":{"start":{"line":13,"column":27},"end":{"line":13,"column":57}},"8":{"start":{"line":14,"column":12},"end":{"line":14,"column":26}},"9":{"start":{"line":16,"column":29},"end":{"line":16,"column":54}},"10":{"start":{"line":17,"column":8},"end":{"line":21,"column":40}},"11":{"start":{"line":17,"column":36},"end":{"line":21,"column":38}},"12":{"start":{"line":22,"column":8},"end":{"line":22,"column":50}},"13":{"start":{"line":25,"column":0},"end":{"line":25,"column":41}}},"fnMap":{"0":{"name":"(anonymous_0)","decl":{"start":{"line":5,"column":4},"end":{"line":5,"column":5}},"loc":{"start":{"line":5,"column":34},"end":{"line":8,"column":5}},"line":5},"1":{"name":"(anonymous_1)","decl":{"start":{"line":9,"column":4},"end":{"line":9,"column":5}},"loc":{"start":{"line":9,"column":32},"end":{"line":23,"column":5}},"line":9},"2":{"name":"(anonymous_2)","decl":{"start":{"line":11,"column":38},"end":{"line":11,"column":39}},"loc":{"start":{"line":11,"column":51},"end":{"line":15,"column":9}},"line":11},"3":{"name":"(anonymous_3)","decl":{"start":{"line":17,"column":26},"end":{"line":17,"column":27}},"loc":{"start":{"line":17,"column":36},"end":{"line":21,"column":38}},"line":17}},"branchMap":{"0":{"loc":{"start":{"line":17,"column":36},"end":{"line":21,"column":38}},"type":"binary-expr","locations":[{"start":{"line":17,"column":36},"end":{"line":17,"column":65}},{"start":{"line":18,"column":15},"end":{"line":18,"column":50}},{"start":{"line":19,"column":15},"end":{"line":19,"column":46}},{"start":{"line":20,"column":15},"end":{"line":20,"column":42}},{"start":{"line":21,"column":15},"end":{"line":21,"column":38}}],"line":17}},"s":{"0":1,"1":1,"2":1,"3":1,"4":0,"5":0,"6":0,"7":0,"8":0,"9":0,"10":0,"11":0,"12":0,"13":1},"f":{"0":1,"1":0,"2":0,"3":0},"b":{"0":[0,0,0,0,0]},"inputSourceMap":{"version":3,"file":"/home/gustavo/projetos-trybe/sd-023-b-trybe-futebol-clube/app/backend/src/database/controllers/leaderboardController.ts","sources":["/home/gustavo/projetos-trybe/sd-023-b-trybe-futebol-clube/app/backend/src/database/controllers/leaderboardController.ts"],"names":[],"mappings":";;AACA,4DAAqD;AAIrD,MAAqB,sBAAsB;IACzC,YAAoB,QAAwB,EAAU,MAAoB;QAAtD,aAAQ,GAAR,QAAQ,CAAgB;QAAU,WAAM,GAAN,MAAM,CAAc;IAAG,CAAC;IAE9E,KAAK,CAAC,WAAW,CAAC,GAAY,EAAE,GAAa;QAC3C,MAAM,UAAU,GAAG,MAAM,IAAI,CAAC,MAAM,CAAC,OAAO,EAAE,CAAC;QAC/C,MAAM,MAAM,GAAG,UAAU,CAAC,GAAG,CAAC,KAAK,EAAE,CAAM,EAAE,EAAE;YAC7C,MAAM,WAAW,GAAG,IAAI,qBAAW,CAAC,CAAC,CAAC,EAAE,EAAE,CAAC,CAAC,QAAQ,CAAC,CAAC;YACtD,MAAM,MAAM,GAAG,MAAM,WAAW,CAAC,UAAU,EAAE,CAAC;YAC9C,OAAO,MAAM,CAAC;QAChB,CAAC,CAAC,CAAC;QACH,MAAM,YAAY,GAAG,MAAM,OAAO,CAAC,GAAG,CAAC,MAAM,CAAC,CAAC;QAC/C,YAAY,CAAC,IAAI,CACf,CAAC,CAAM,EAAE,CAAM,EAAO,EAAE,CACtB,CAAC,CAAC,WAAW,GAAG,CAAC,CAAC,WAAW;eAC1B,CAAC,CAAC,cAAc,GAAG,CAAC,CAAC,cAAc;eACnC,CAAC,CAAC,YAAY,GAAG,CAAC,CAAC,YAAY;eAC/B,CAAC,CAAC,UAAU,GAAG,CAAC,CAAC,UAAU;eAC3B,CAAC,CAAC,QAAQ,GAAG,CAAC,CAAC,QAAQ,CAC7B,CAAC;QACF,OAAO,GAAG,CAAC,MAAM,CAAC,GAAG,CAAC,CAAC,IAAI,CAAC,YAAY,CAAC,CAAC;IAC5C,CAAC;CACF;AArBD,yCAqBC","sourcesContent":["import { Response, Request } from 'express';\nimport Leaderboard from '../LeaderBoard/Leaderboard';\nimport MatchesService from '../services/Matches.service';\nimport TeamsService from '../services/Teams.service';\n\nexport default class LeaderboardsController {\n  constructor(private _service: MatchesService, private _teams: TeamsService) {}\n\n  async createTable(req: Request, res: Response): Promise<Response> {\n    const totalTeams = await this._teams.findAll();\n    const result = totalTeams.map(async (e: any) => {\n      const leaderBoard = new Leaderboard(e.id, e.teamName);\n      const tabela = await leaderBoard.criaTabela();\n      return tabela;\n    });\n    const trataPromise = await Promise.all(result);\n    trataPromise.sort(\n      (a: any, b: any): any =>\n        b.totalPoints - a.totalPoints\n        || b.totalVictories - a.totalVictories\n        || b.goalsBalance - a.goalsBalance\n        || b.goalsFavor - a.goalsFavor\n        || b.goalsOwn - a.goalsOwn,\n    );\n    return res.status(200).json(trataPromise);\n  }\n}\n"]},"_coverageSchema":"1a1c01bbd47fc00a2c39e90264f33305004495a9","hash":"5972bc09684043e000545d517d6a80b4a9aa594e"},"/home/gustavo/projetos-trybe/sd-023-b-trybe-futebol-clube/app/backend/src/database/LeaderBoard/Leaderboard.ts":{"path":"/home/gustavo/projetos-trybe/sd-023-b-trybe-futebol-clube/app/backend/src/database/LeaderBoard/Leaderboard.ts","statementMap":{"0":{"start":{"line":2,"column":0},"end":{"line":2,"column":62}},"1":{"start":{"line":3,"column":26},"end":{"line":3,"column":64}},"2":{"start":{"line":4,"column":23},"end":{"line":4,"column":54}},"3":{"start":{"line":7,"column":8},"end":{"line":7,"column":30}},"4":{"start":{"line":8,"column":8},"end":{"line":8,"column":34}},"5":{"start":{"line":11,"column":8},"end":{"line":11,"column":30}},"6":{"start":{"line":14,"column":8},"end":{"line":14,"column":28}},"7":{"start":{"line":17,"column":23},"end":{"line":17,"column":24}},"8":{"start":{"line":18,"column":29},"end":{"line":18,"column":81}},"9":{"start":{"line":19,"column":8},"end":{"line":22,"column":11}},"10":{"start":{"line":20,"column":12},"end":{"line":21,"column":30}},"11":{"start":{"line":21,"column":16},"end":{"line":21,"column":30}},"12":{"start":{"line":23,"column":8},"end":{"line":23,"column":24}},"13":{"start":{"line":26,"column":24},"end":{"line":26,"column":25}},"14":{"start":{"line":27,"column":29},"end":{"line":27,"column":81}},"15":{"start":{"line":28,"column":8},"end":{"line":31,"column":11}},"16":{"start":{"line":29,"column":12},"end":{"line":30,"column":31}},"17":{"start":{"line":30,"column":16},"end":{"line":30,"column":31}},"18":{"start":{"line":32,"column":8},"end":{"line":32,"column":25}},"19":{"start":{"line":35,"column":24},"end":{"line":35,"column":25}},"20":{"start":{"line":36,"column":29},"end":{"line":36,"column":81}},"21":{"start":{"line":37,"column":8},"end":{"line":40,"column":11}},"22":{"start":{"line":38,"column":12},"end":{"line":39,"column":31}},"23":{"start":{"line":39,"column":16},"end":{"line":39,"column":31}},"24":{"start":{"line":41,"column":8},"end":{"line":41,"column":25}},"25":{"start":{"line":44,"column":20},"end":{"line":44,"column":44}},"26":{"start":{"line":45,"column":21},"end":{"line":45,"column":43}},"27":{"start":{"line":46,"column":22},"end":{"line":46,"column":36}},"28":{"start":{"line":47,"column":8},"end":{"line":47,"column":21}},"29":{"start":{"line":50,"column":20},"end":{"line":50,"column":21}},"30":{"start":{"line":51,"column":29},"end":{"line":51,"column":81}},"31":{"start":{"line":52,"column":8},"end":{"line":54,"column":11}},"32":{"start":{"line":53,"column":12},"end":{"line":53,"column":23}},"33":{"start":{"line":55,"column":8},"end":{"line":55,"column":21}},"34":{"start":{"line":58,"column":20},"end":{"line":58,"column":21}},"35":{"start":{"line":59,"column":29},"end":{"line":59,"column":81}},"36":{"start":{"line":60,"column":8},"end":{"line":62,"column":11}},"37":{"start":{"line":61,"column":12},"end":{"line":61,"column":41}},"38":{"start":{"line":63,"column":8},"end":{"line":63,"column":21}},"39":{"start":{"line":66,"column":20},"end":{"line":66,"column":21}},"40":{"start":{"line":67,"column":29},"end":{"line":67,"column":81}},"41":{"start":{"line":68,"column":8},"end":{"line":70,"column":11}},"42":{"start":{"line":69,"column":12},"end":{"line":69,"column":41}},"43":{"start":{"line":71,"column":8},"end":{"line":71,"column":21}},"44":{"start":{"line":74,"column":25},"end":{"line":74,"column":51}},"45":{"start":{"line":75,"column":25},"end":{"line":75,"column":51}},"46":{"start":{"line":76,"column":26},"end":{"line":76,"column":45}},"47":{"start":{"line":77,"column":8},"end":{"line":77,"column":25}},"48":{"start":{"line":80,"column":30},"end":{"line":80,"column":56}},"49":{"start":{"line":81,"column":29},"end":{"line":81,"column":52}},"50":{"start":{"line":82,"column":23},"end":{"line":82,"column":65}},"51":{"start":{"line":83,"column":8},"end":{"line":83,"column":41}},"52":{"start":{"line":86,"column":20},"end":{"line":97,"column":9}},"53":{"start":{"line":98,"column":8},"end":{"line":98,"column":19}},"54":{"start":{"line":101,"column":0},"end":{"line":101,"column":30}}},"fnMap":{"0":{"name":"(anonymous_0)","decl":{"start":{"line":6,"column":4},"end":{"line":6,"column":5}},"loc":{"start":{"line":6,"column":34},"end":{"line":9,"column":5}},"line":6},"1":{"name":"(anonymous_1)","decl":{"start":{"line":10,"column":4},"end":{"line":10,"column":5}},"loc":{"start":{"line":10,"column":19},"end":{"line":12,"column":5}},"line":10},"2":{"name":"(anonymous_2)","decl":{"start":{"line":13,"column":4},"end":{"line":13,"column":5}},"loc":{"start":{"line":13,"column":17},"end":{"line":15,"column":5}},"line":13},"3":{"name":"(anonymous_3)","decl":{"start":{"line":16,"column":4},"end":{"line":16,"column":5}},"loc":{"start":{"line":16,"column":24},"end":{"line":24,"column":5}},"line":16},"4":{"name":"(anonymous_4)","decl":{"start":{"line":19,"column":29},"end":{"line":19,"column":30}},"loc":{"start":{"line":19,"column":36},"end":{"line":22,"column":9}},"line":19},"5":{"name":"(anonymous_5)","decl":{"start":{"line":25,"column":4},"end":{"line":25,"column":5}},"loc":{"start":{"line":25,"column":24},"end":{"line":33,"column":5}},"line":25},"6":{"name":"(anonymous_6)","decl":{"start":{"line":28,"column":29},"end":{"line":28,"column":30}},"loc":{"start":{"line":28,"column":36},"end":{"line":31,"column":9}},"line":28},"7":{"name":"(anonymous_7)","decl":{"start":{"line":34,"column":4},"end":{"line":34,"column":5}},"loc":{"start":{"line":34,"column":22},"end":{"line":42,"column":5}},"line":34},"8":{"name":"(anonymous_8)","decl":{"start":{"line":37,"column":29},"end":{"line":37,"column":30}},"loc":{"start":{"line":37,"column":36},"end":{"line":40,"column":9}},"line":37},"9":{"name":"(anonymous_9)","decl":{"start":{"line":43,"column":4},"end":{"line":43,"column":5}},"loc":{"start":{"line":43,"column":26},"end":{"line":48,"column":5}},"line":43},"10":{"name":"(anonymous_10)","decl":{"start":{"line":49,"column":4},"end":{"line":49,"column":5}},"loc":{"start":{"line":49,"column":23},"end":{"line":56,"column":5}},"line":49},"11":{"name":"(anonymous_11)","decl":{"start":{"line":52,"column":29},"end":{"line":52,"column":30}},"loc":{"start":{"line":52,"column":41},"end":{"line":54,"column":9}},"line":52},"12":{"name":"(anonymous_12)","decl":{"start":{"line":57,"column":4},"end":{"line":57,"column":5}},"loc":{"start":{"line":57,"column":26},"end":{"line":64,"column":5}},"line":57},"13":{"name":"(anonymous_13)","decl":{"start":{"line":60,"column":29},"end":{"line":60,"column":30}},"loc":{"start":{"line":60,"column":40},"end":{"line":62,"column":9}},"line":60},"14":{"name":"(anonymous_14)","decl":{"start":{"line":65,"column":4},"end":{"line":65,"column":5}},"loc":{"start":{"line":65,"column":26},"end":{"line":72,"column":5}},"line":65},"15":{"name":"(anonymous_15)","decl":{"start":{"line":68,"column":29},"end":{"line":68,"column":30}},"loc":{"start":{"line":68,"column":40},"end":{"line":70,"column":9}},"line":68},"16":{"name":"(anonymous_16)","decl":{"start":{"line":73,"column":4},"end":{"line":73,"column":5}},"loc":{"start":{"line":73,"column":24},"end":{"line":78,"column":5}},"line":73},"17":{"name":"(anonymous_17)","decl":{"start":{"line":79,"column":4},"end":{"line":79,"column":5}},"loc":{"start":{"line":79,"column":27},"end":{"line":84,"column":5}},"line":79},"18":{"name":"(anonymous_18)","decl":{"start":{"line":85,"column":4},"end":{"line":85,"column":5}},"loc":{"start":{"line":85,"column":23},"end":{"line":99,"column":5}},"line":85}},"branchMap":{"0":{"loc":{"start":{"line":20,"column":12},"end":{"line":21,"column":30}},"type":"if","locations":[{"start":{"line":20,"column":12},"end":{"line":21,"column":30}},{"start":{"line":20,"column":12},"end":{"line":21,"column":30}}],"line":20},"1":{"loc":{"start":{"line":29,"column":12},"end":{"line":30,"column":31}},"type":"if","locations":[{"start":{"line":29,"column":12},"end":{"line":30,"column":31}},{"start":{"line":29,"column":12},"end":{"line":30,"column":31}}],"line":29},"2":{"loc":{"start":{"line":38,"column":12},"end":{"line":39,"column":31}},"type":"if","locations":[{"start":{"line":38,"column":12},"end":{"line":39,"column":31}},{"start":{"line":38,"column":12},"end":{"line":39,"column":31}}],"line":38}},"s":{"0":1,"1":1,"2":1,"3":0,"4":0,"5":0,"6":0,"7":0,"8":0,"9":0,"10":0,"11":0,"12":0,"13":0,"14":0,"15":0,"16":0,"17":0,"18":0,"19":0,"20":0,"21":0,"22":0,"23":0,"24":0,"25":0,"26":0,"27":0,"28":0,"29":0,"30":0,"31":0,"32":0,"33":0,"34":0,"35":0,"36":0,"37":0,"38":0,"39":0,"40":0,"41":0,"42":0,"43":0,"44":0,"45":0,"46":0,"47":0,"48":0,"49":0,"50":0,"51":0,"52":0,"53":0,"54":1},"f":{"0":0,"1":0,"2":0,"3":0,"4":0,"5":0,"6":0,"7":0,"8":0,"9":0,"10":0,"11":0,"12":0,"13":0,"14":0,"15":0,"16":0,"17":0,"18":0},"b":{"0":[0,0],"1":[0,0],"2":[0,0]},"inputSourceMap":{"version":3,"file":"/home/gustavo/projetos-trybe/sd-023-b-trybe-futebol-clube/app/backend/src/database/LeaderBoard/Leaderboard.ts","sources":["/home/gustavo/projetos-trybe/sd-023-b-trybe-futebol-clube/app/backend/src/database/LeaderBoard/Leaderboard.ts"],"names":[],"mappings":";;AAAA,iEAAyD;AAEzD,MAAM,cAAc,GAAG,IAAI,yBAAc,EAAE,CAAC;AAE5C,MAAqB,WAAW;IAI9B,YAAY,MAAc,EAAE,QAAgB;QAC1C,IAAI,CAAC,OAAO,GAAG,MAAM,CAAC;QACtB,IAAI,CAAC,SAAS,GAAG,QAAQ,CAAC;IAC5B,CAAC;IAED,IAAI,QAAQ;QACV,OAAO,IAAI,CAAC,SAAS,CAAC;IACxB,CAAC;IAED,IAAI,MAAM;QACR,OAAO,IAAI,CAAC,OAAO,CAAC;IACtB,CAAC;IAED,KAAK,CAAC,WAAW;QACf,IAAI,QAAQ,GAAG,CAAC,CAAC;QACjB,MAAM,YAAY,GAAG,MAAM,cAAc,CAAC,kBAAkB,CAAC,IAAI,CAAC,MAAM,CAAC,CAAC;QAC1E,YAAY,CAAC,OAAO,CAAC,CAAC,CAAM,EAAE,EAAE;YAC9B,IAAI,CAAC,CAAC,aAAa,GAAG,CAAC,CAAC,aAAa;gBAAE,QAAQ,IAAI,CAAC,CAAC;QACvD,CAAC,CAAC,CAAC;QACH,OAAO,QAAQ,CAAC;IAClB,CAAC;IAED,KAAK,CAAC,WAAW;QACf,IAAI,SAAS,GAAG,CAAC,CAAC;QAClB,MAAM,YAAY,GAAG,MAAM,cAAc,CAAC,kBAAkB,CAAC,IAAI,CAAC,MAAM,CAAC,CAAC;QAC1E,YAAY,CAAC,OAAO,CAAC,CAAC,CAAM,EAAE,EAAE;YAC9B,IAAI,CAAC,CAAC,aAAa,GAAG,CAAC,CAAC,aAAa;gBAAE,SAAS,IAAI,CAAC,CAAC;QACxD,CAAC,CAAC,CAAC;QACH,OAAO,SAAS,CAAC;IACnB,CAAC;IAED,KAAK,CAAC,SAAS;QACb,IAAI,SAAS,GAAG,CAAC,CAAC;QAClB,MAAM,YAAY,GAAG,MAAM,cAAc,CAAC,kBAAkB,CAAC,IAAI,CAAC,MAAM,CAAC,CAAC;QAC1E,YAAY,CAAC,OAAO,CAAC,CAAC,CAAM,EAAE,EAAE;YAC9B,IAAI,CAAC,CAAC,aAAa,KAAK,CAAC,CAAC,aAAa;gBAAE,SAAS,IAAI,CAAC,CAAC;QAC1D,CAAC,CAAC,CAAC;QACH,OAAO,SAAS,CAAC;IACnB,CAAC;IAED,KAAK,CAAC,aAAa;QACjB,MAAM,GAAG,GAAG,MAAM,IAAI,CAAC,WAAW,EAAE,CAAC;QACrC,MAAM,IAAI,GAAG,MAAM,IAAI,CAAC,SAAS,EAAE,CAAC;QACpC,MAAM,KAAK,GAAG,GAAG,GAAG,CAAC,GAAG,IAAI,CAAC;QAC7B,OAAO,KAAK,CAAC;IACf,CAAC;IAED,KAAK,CAAC,UAAU;QACd,IAAI,KAAK,GAAG,CAAC,CAAC;QACd,MAAM,YAAY,GAAG,MAAM,cAAc,CAAC,kBAAkB,CAAC,IAAI,CAAC,MAAM,CAAC,CAAC;QAC1E,YAAY,CAAC,OAAO,CAAC,CAAC,MAAW,EAAE,EAAE;YACnC,KAAK,IAAI,CAAC,CAAC;QACb,CAAC,CAAC,CAAC;QACH,OAAO,KAAK,CAAC;IACf,CAAC;IAED,KAAK,CAAC,aAAa;QACjB,IAAI,KAAK,GAAG,CAAC,CAAC;QACd,MAAM,YAAY,GAAG,MAAM,cAAc,CAAC,kBAAkB,CAAC,IAAI,CAAC,MAAM,CAAC,CAAC;QAC1E,YAAY,CAAC,OAAO,CAAC,CAAC,KAAU,EAAE,EAAE;YAClC,KAAK,IAAI,KAAK,CAAC,aAAa,CAAC;QAC/B,CAAC,CAAC,CAAC;QACH,OAAO,KAAK,CAAC;IACf,CAAC;IAED,KAAK,CAAC,aAAa;QACjB,IAAI,KAAK,GAAG,CAAC,CAAC;QACd,MAAM,YAAY,GAAG,MAAM,cAAc,CAAC,kBAAkB,CAAC,IAAI,CAAC,MAAM,CAAC,CAAC;QAC1E,YAAY,CAAC,OAAO,CAAC,CAAC,KAAU,EAAE,EAAE;YAClC,KAAK,IAAI,KAAK,CAAC,aAAa,CAAC;QAC/B,CAAC,CAAC,CAAC;QACH,OAAO,KAAK,CAAC;IACf,CAAC;IAED,KAAK,CAAC,WAAW;QACf,MAAM,QAAQ,GAAG,MAAM,IAAI,CAAC,aAAa,EAAE,CAAC;QAC5C,MAAM,QAAQ,GAAG,MAAM,IAAI,CAAC,aAAa,EAAE,CAAC;QAC5C,MAAM,SAAS,GAAG,QAAQ,GAAG,QAAQ,CAAC;QACtC,OAAO,SAAS,CAAC;IACnB,CAAC;IAED,KAAK,CAAC,cAAc;QAClB,MAAM,aAAa,GAAG,MAAM,IAAI,CAAC,aAAa,EAAE,CAAC;QACjD,MAAM,YAAY,GAAG,MAAM,IAAI,CAAC,UAAU,EAAE,CAAC;QAC7C,MAAM,MAAM,GAAG,CAAC,aAAa,GAAG,CAAC,YAAY,GAAG,CAAC,CAAC,CAAC,GAAG,GAAG,CAAC;QAC1D,OAAO,MAAM,CAAC,MAAM,CAAC,OAAO,CAAC,CAAC,CAAC,CAAC,CAAC;IACnC,CAAC;IAED,KAAK,CAAC,UAAU;QACd,MAAM,GAAG,GAAG;YACV,IAAI,EAAE,IAAI,CAAC,QAAQ;YACnB,WAAW,EAAE,MAAM,IAAI,CAAC,aAAa,EAAE;YACvC,UAAU,EAAE,MAAM,IAAI,CAAC,UAAU,EAAE;YACnC,cAAc,EAAE,MAAM,IAAI,CAAC,WAAW,EAAE;YACxC,UAAU,EAAE,MAAM,IAAI,CAAC,SAAS,EAAE;YAClC,WAAW,EAAE,MAAM,IAAI,CAAC,WAAW,EAAE;YACrC,UAAU,EAAE,MAAM,IAAI,CAAC,aAAa,EAAE;YACtC,QAAQ,EAAE,MAAM,IAAI,CAAC,aAAa,EAAE;YACpC,YAAY,EAAE,MAAM,IAAI,CAAC,WAAW,EAAE;YACtC,UAAU,EAAE,MAAM,IAAI,CAAC,cAAc,EAAE;SACxC,CAAC;QACF,OAAO,GAAG,CAAC;IACb,CAAC;CACF;AA3GD,8BA2GC","sourcesContent":["import MatchesService from '../services/Matches.service';\n\nconst matchesService = new MatchesService();\n\nexport default class Leaderboard {\n  private _idTeam: number;\n  private _nameTeam: string;\n\n  constructor(idTeam: number, nameTeam: string) {\n    this._idTeam = idTeam;\n    this._nameTeam = nameTeam;\n  }\n\n  get TeamName(): string {\n    return this._nameTeam;\n  }\n\n  get idTeam(): number {\n    return this._idTeam;\n  }\n\n  async getVencedor(): Promise<number> {\n    let countWin = 0;\n    const filterTeamid = await matchesService.findAllMatchesById(this.idTeam);\n    filterTeamid.forEach((i: any) => {\n      if (i.homeTeamGoals > i.awayTeamGoals) countWin += 1;\n    });\n    return countWin;\n  }\n\n  async getPerdedor(): Promise<number> {\n    let countLoss = 0;\n    const filterTeamid = await matchesService.findAllMatchesById(this.idTeam);\n    filterTeamid.forEach((i: any) => {\n      if (i.homeTeamGoals < i.awayTeamGoals) countLoss += 1;\n    });\n    return countLoss;\n  }\n\n  async getEmpate(): Promise<number> {\n    let countDraw = 0;\n    const filterTeamid = await matchesService.findAllMatchesById(this.idTeam);\n    filterTeamid.forEach((i: any) => {\n      if (i.homeTeamGoals === i.awayTeamGoals) countDraw += 1;\n    });\n    return countDraw;\n  }\n\n  async totaldePontos(): Promise<number> {\n    const win = await this.getVencedor();\n    const draw = await this.getEmpate();\n    const total = win * 3 + draw;\n    return total;\n  }\n\n  async totalJogos(): Promise<number> {\n    let total = 0;\n    const filterTeamid = await matchesService.findAllMatchesById(this.idTeam);\n    filterTeamid.forEach((_index: any) => {\n      total += 1;\n    });\n    return total;\n  }\n\n  async totalGolsCasa(): Promise<number> {\n    let total = 0;\n    const filterTeamid = await matchesService.findAllMatchesById(this.idTeam);\n    filterTeamid.forEach((index: any) => {\n      total += index.homeTeamGoals;\n    });\n    return total;\n  }\n\n  async totalGolsFora(): Promise<number> {\n    let total = 0;\n    const filterTeamid = await matchesService.findAllMatchesById(this.idTeam);\n    filterTeamid.forEach((index: any) => {\n      total += index.awayTeamGoals;\n    });\n    return total;\n  }\n\n  async saldoDeGols(): Promise<number> {\n    const golsCasa = await this.totalGolsCasa();\n    const golsFora = await this.totalGolsFora();\n    const resultado = golsCasa - golsFora;\n    return resultado;\n  }\n\n  async aproveitamento(): Promise<number> {\n    const totalDePontos = await this.totaldePontos();\n    const totalDeJogos = await this.totalJogos();\n    const result = (totalDePontos / (totalDeJogos * 3)) * 100;\n    return Number(result.toFixed(2));\n  }\n\n  async criaTabela() {\n    const obj = {\n      name: this.TeamName,\n      totalPoints: await this.totaldePontos(),\n      totalGames: await this.totalJogos(),\n      totalVictories: await this.getVencedor(),\n      totalDraws: await this.getEmpate(),\n      totalLosses: await this.getPerdedor(),\n      goalsFavor: await this.totalGolsCasa(),\n      goalsOwn: await this.totalGolsFora(),\n      goalsBalance: await this.saldoDeGols(),\n      efficiency: await this.aproveitamento(),\n    };\n    return obj;\n  }\n}\n"]},"_coverageSchema":"1a1c01bbd47fc00a2c39e90264f33305004495a9","hash":"70c79318f32daf32e92cc4580e212a3d62aa2d0b"},"/home/gustavo/projetos-trybe/sd-023-b-trybe-futebol-clube/app/backend/src/database/services/Teams.service.ts":{"path":"/home/gustavo/projetos-trybe/sd-023-b-trybe-futebol-clube/app/backend/src/database/services/Teams.service.ts","statementMap":{"0":{"start":{"line":2,"column":0},"end":{"line":2,"column":62}},"1":{"start":{"line":3,"column":16},"end":{"line":3,"column":42}},"2":{"start":{"line":6,"column":8},"end":{"line":6,"column":35}},"3":{"start":{"line":9,"column":22},"end":{"line":9,"column":46}},"4":{"start":{"line":10,"column":8},"end":{"line":10,"column":21}},"5":{"start":{"line":13,"column":21},"end":{"line":13,"column":48}},"6":{"start":{"line":14,"column":8},"end":{"line":14,"column":20}},"7":{"start":{"line":17,"column":0},"end":{"line":17,"column":31}}},"fnMap":{"0":{"name":"(anonymous_0)","decl":{"start":{"line":5,"column":4},"end":{"line":5,"column":5}},"loc":{"start":{"line":5,"column":18},"end":{"line":7,"column":5}},"line":5},"1":{"name":"(anonymous_1)","decl":{"start":{"line":8,"column":4},"end":{"line":8,"column":5}},"loc":{"start":{"line":8,"column":20},"end":{"line":11,"column":5}},"line":8},"2":{"name":"(anonymous_2)","decl":{"start":{"line":12,"column":4},"end":{"line":12,"column":5}},"loc":{"start":{"line":12,"column":23},"end":{"line":15,"column":5}},"line":12}},"branchMap":{},"s":{"0":1,"1":1,"2":3,"3":0,"4":0,"5":0,"6":0,"7":1},"f":{"0":3,"1":0,"2":0},"b":{},"inputSourceMap":{"version":3,"file":"/home/gustavo/projetos-trybe/sd-023-b-trybe-futebol-clube/app/backend/src/database/services/Teams.service.ts","sources":["/home/gustavo/projetos-trybe/sd-023-b-trybe-futebol-clube/app/backend/src/database/services/Teams.service.ts"],"names":[],"mappings":";;AACA,2CAAoC;AAEpC,MAAqB,YAAY;IAAjC;QACU,QAAG,GAAG,eAAK,CAAC;IAWtB,CAAC;IATC,KAAK,CAAC,OAAO;QACX,MAAM,KAAK,GAAG,MAAM,IAAI,CAAC,GAAG,CAAC,OAAO,EAAE,CAAC;QACvC,OAAO,KAAK,CAAC;IACf,CAAC;IAED,KAAK,CAAC,QAAQ,CAAC,EAAU;QACvB,MAAM,IAAI,GAAG,MAAM,IAAI,CAAC,GAAG,CAAC,QAAQ,CAAC,EAAE,CAAC,CAAC;QACzC,OAAO,IAAa,CAAC;IACvB,CAAC;CACF;AAZD,+BAYC","sourcesContent":["import { ITeams } from '../../interfaces/ITeams';\nimport Teams from '../models/Teams';\n\nexport default class TeamsService implements ITeams {\n  private _db = Teams;\n\n  async findAll(): Promise<Teams[] | any> {\n    const teams = await this._db.findAll();\n    return teams;\n  }\n\n  async findById(id: number): Promise<Teams> {\n    const team = await this._db.findByPk(id);\n    return team as Teams;\n  }\n}\n"]},"_coverageSchema":"1a1c01bbd47fc00a2c39e90264f33305004495a9","hash":"4d182428c948e5b01403fa3b3f3cc97bf4813f47"},"/home/gustavo/projetos-trybe/sd-023-b-trybe-futebol-clube/app/backend/src/routes/matchesRouter.ts":{"path":"/home/gustavo/projetos-trybe/sd-023-b-trybe-futebol-clube/app/backend/src/routes/matchesRouter.ts","statementMap":{"0":{"start":{"line":2,"column":0},"end":{"line":2,"column":62}},"1":{"start":{"line":3,"column":16},"end":{"line":3,"column":34}},"2":{"start":{"line":4,"column":28},"end":{"line":4,"column":80}},"3":{"start":{"line":5,"column":26},"end":{"line":5,"column":73}},"4":{"start":{"line":6,"column":29},"end":{"line":6,"column":72}},"5":{"start":{"line":7,"column":22},"end":{"line":7,"column":38}},"6":{"start":{"line":8,"column":23},"end":{"line":8,"column":54}},"7":{"start":{"line":9,"column":26},"end":{"line":9,"column":73}},"8":{"start":{"line":10,"column":0},"end":{"line":10,"column":74}},"9":{"start":{"line":10,"column":37},"end":{"line":10,"column":72}},"10":{"start":{"line":11,"column":0},"end":{"line":13,"column":92}},"11":{"start":{"line":13,"column":49},"end":{"line":13,"column":90}},"12":{"start":{"line":14,"column":0},"end":{"line":14,"column":95}},"13":{"start":{"line":14,"column":49},"end":{"line":14,"column":93}},"14":{"start":{"line":15,"column":0},"end":{"line":15,"column":85}},"15":{"start":{"line":15,"column":42},"end":{"line":15,"column":83}},"16":{"start":{"line":16,"column":0},"end":{"line":16,"column":32}}},"fnMap":{"0":{"name":"(anonymous_0)","decl":{"start":{"line":10,"column":23},"end":{"line":10,"column":24}},"loc":{"start":{"line":10,"column":37},"end":{"line":10,"column":72}},"line":10},"1":{"name":"(anonymous_1)","decl":{"start":{"line":13,"column":35},"end":{"line":13,"column":36}},"loc":{"start":{"line":13,"column":49},"end":{"line":13,"column":90}},"line":13},"2":{"name":"(anonymous_2)","decl":{"start":{"line":14,"column":35},"end":{"line":14,"column":36}},"loc":{"start":{"line":14,"column":49},"end":{"line":14,"column":93}},"line":14},"3":{"name":"(anonymous_3)","decl":{"start":{"line":15,"column":28},"end":{"line":15,"column":29}},"loc":{"start":{"line":15,"column":42},"end":{"line":15,"column":83}},"line":15}},"branchMap":{},"s":{"0":1,"1":1,"2":1,"3":1,"4":1,"5":1,"6":1,"7":1,"8":1,"9":0,"10":1,"11":0,"12":1,"13":0,"14":1,"15":0,"16":1},"f":{"0":0,"1":0,"2":0,"3":0},"b":{},"inputSourceMap":{"version":3,"file":"/home/gustavo/projetos-trybe/sd-023-b-trybe-futebol-clube/app/backend/src/routes/matchesRouter.ts","sources":["/home/gustavo/projetos-trybe/sd-023-b-trybe-futebol-clube/app/backend/src/routes/matchesRouter.ts"],"names":[],"mappings":";;AAAA,mCAAmC;AACnC,iFAA0E;AAC1E,0EAAkE;AAClE,yEAA2F;AAE3F,MAAM,aAAa,GAAG,OAAO,CAAC,MAAM,EAAE,CAAC;AACvC,MAAM,cAAc,GAAG,IAAI,yBAAc,EAAE,CAAC;AAC5C,MAAM,iBAAiB,GAAG,IAAI,2BAAiB,CAAC,cAAc,CAAC,CAAC;AAEhE,aAAa,CAAC,GAAG,CAAC,GAAG,EAAE,CAAC,GAAG,EAAE,GAAG,EAAE,EAAE,CAAC,iBAAiB,CAAC,OAAO,CAAC,GAAG,EAAE,GAAG,CAAC,CAAC,CAAC;AAC1E,aAAa,CAAC,IAAI,CAChB,GAAG,EACH,iCAAY,EACZ,gCAAW;AACX,WAAW;AACX,iCAAY,EACZ,CAAC,GAAG,EAAE,GAAG,EAAE,EAAE,CAAC,iBAAiB,CAAC,aAAa,CAAC,GAAG,EAAE,GAAG,CAAC,CACxD,CAAC;AAEF,aAAa,CAAC,KAAK,CACjB,aAAa,EACb,CAAC,GAAG,EAAE,GAAG,EAAE,EAAE,CAAC,iBAAiB,CAAC,gBAAgB,CAAC,GAAG,EAAE,GAAG,CAAC,CAC3D,CAAC;AAEF,aAAa,CAAC,KAAK,CAAC,MAAM,EAAE,CAAC,GAAG,EAAE,GAAG,EAAE,EAAE,CAAC,iBAAiB,CAAC,aAAa,CAAC,GAAG,EAAE,GAAG,CAAC,CAAC,CAAC;AAErF,kBAAe,aAAa,CAAC","sourcesContent":["import * as express from 'express';\nimport MatchesController from '../database/controllers/MatchesController';\nimport MatchesService from '../database/services/Matches.service';\nimport { verifyFields, teamsExists, tokenIsValid } from '../middleware/matches.middleware';\n\nconst matchesRouter = express.Router();\nconst matchesService = new MatchesService();\nconst matchesController = new MatchesController(matchesService);\n\nmatchesRouter.get('/', (req, res) => matchesController.findAll(req, res));\nmatchesRouter.post(\n  '/',\n  verifyFields,\n  teamsExists,\n  /* auth, */\n  tokenIsValid,\n  (req, res) => matchesController.createMatches(req, res),\n);\n\nmatchesRouter.patch(\n  '/:id/finish',\n  (req, res) => matchesController.changeInProgress(req, res),\n);\n\nmatchesRouter.patch('/:id', (req, res) => matchesController.changeResults(req, res));\n\nexport default matchesRouter;\n"]},"_coverageSchema":"1a1c01bbd47fc00a2c39e90264f33305004495a9","hash":"db234b4321f8085df1ba13d1d1ef55b53e604c53"},"/home/gustavo/projetos-trybe/sd-023-b-trybe-futebol-clube/app/backend/src/database/controllers/MatchesController.ts":{"path":"/home/gustavo/projetos-trybe/sd-023-b-trybe-futebol-clube/app/backend/src/database/controllers/MatchesController.ts","statementMap":{"0":{"start":{"line":2,"column":0},"end":{"line":2,"column":62}},"1":{"start":{"line":5,"column":8},"end":{"line":5,"column":33}},"2":{"start":{"line":8,"column":31},"end":{"line":8,"column":40}},"3":{"start":{"line":9,"column":8},"end":{"line":12,"column":9}},"4":{"start":{"line":10,"column":28},"end":{"line":10,"column":71}},"5":{"start":{"line":11,"column":12},"end":{"line":11,"column":49}},"6":{"start":{"line":13,"column":8},"end":{"line":16,"column":9}},"7":{"start":{"line":14,"column":28},"end":{"line":14,"column":72}},"8":{"start":{"line":15,"column":12},"end":{"line":15,"column":49}},"9":{"start":{"line":17,"column":24},"end":{"line":17,"column":53}},"10":{"start":{"line":18,"column":8},"end":{"line":18,"column":45}},"11":{"start":{"line":21,"column":23},"end":{"line":21,"column":31}},"12":{"start":{"line":22,"column":21},"end":{"line":22,"column":62}},"13":{"start":{"line":23,"column":8},"end":{"line":23,"column":42}},"14":{"start":{"line":26,"column":19},"end":{"line":26,"column":32}},"15":{"start":{"line":27,"column":8},"end":{"line":27,"column":57}},"16":{"start":{"line":28,"column":8},"end":{"line":28,"column":61}},"17":{"start":{"line":31,"column":19},"end":{"line":31,"column":32}},"18":{"start":{"line":32,"column":49},"end":{"line":32,"column":57}},"19":{"start":{"line":33,"column":8},"end":{"line":33,"column":100}},"20":{"start":{"line":34,"column":8},"end":{"line":34,"column":56}},"21":{"start":{"line":37,"column":0},"end":{"line":37,"column":36}}},"fnMap":{"0":{"name":"(anonymous_0)","decl":{"start":{"line":4,"column":4},"end":{"line":4,"column":5}},"loc":{"start":{"line":4,"column":26},"end":{"line":6,"column":5}},"line":4},"1":{"name":"(anonymous_1)","decl":{"start":{"line":7,"column":4},"end":{"line":7,"column":5}},"loc":{"start":{"line":7,"column":28},"end":{"line":19,"column":5}},"line":7},"2":{"name":"(anonymous_2)","decl":{"start":{"line":20,"column":4},"end":{"line":20,"column":5}},"loc":{"start":{"line":20,"column":34},"end":{"line":24,"column":5}},"line":20},"3":{"name":"(anonymous_3)","decl":{"start":{"line":25,"column":4},"end":{"line":25,"column":5}},"loc":{"start":{"line":25,"column":37},"end":{"line":29,"column":5}},"line":25},"4":{"name":"(anonymous_4)","decl":{"start":{"line":30,"column":4},"end":{"line":30,"column":5}},"loc":{"start":{"line":30,"column":34},"end":{"line":35,"column":5}},"line":30}},"branchMap":{"0":{"loc":{"start":{"line":9,"column":8},"end":{"line":12,"column":9}},"type":"if","locations":[{"start":{"line":9,"column":8},"end":{"line":12,"column":9}},{"start":{"line":9,"column":8},"end":{"line":12,"column":9}}],"line":9},"1":{"loc":{"start":{"line":13,"column":8},"end":{"line":16,"column":9}},"type":"if","locations":[{"start":{"line":13,"column":8},"end":{"line":16,"column":9}},{"start":{"line":13,"column":8},"end":{"line":16,"column":9}}],"line":13}},"s":{"0":1,"1":1,"2":0,"3":0,"4":0,"5":0,"6":0,"7":0,"8":0,"9":0,"10":0,"11":0,"12":0,"13":0,"14":0,"15":0,"16":0,"17":0,"18":0,"19":0,"20":0,"21":1},"f":{"0":1,"1":0,"2":0,"3":0,"4":0},"b":{"0":[0,0],"1":[0,0]},"inputSourceMap":{"version":3,"file":"/home/gustavo/projetos-trybe/sd-023-b-trybe-futebol-clube/app/backend/src/database/controllers/MatchesController.ts","sources":["/home/gustavo/projetos-trybe/sd-023-b-trybe-futebol-clube/app/backend/src/database/controllers/MatchesController.ts"],"names":[],"mappings":";;AAIA,MAAqB,iBAAiB;IACpC,YAAoB,QAAwB;QAAxB,aAAQ,GAAR,QAAQ,CAAgB;IAAG,CAAC;IAEhD,KAAK,CAAC,OAAO,CAAC,GAAY,EAAE,GAAa;QACvC,MAAM,EAAE,UAAU,EAAE,GAAG,GAAG,CAAC,KAAK,CAAC;QACjC,IAAI,UAAU,KAAK,MAAM,EAAE;YACzB,MAAM,OAAO,GAAG,MAAM,IAAI,CAAC,QAAQ,CAAC,iBAAiB,CAAC,IAAI,CAAC,CAAC;YAC5D,OAAO,GAAG,CAAC,MAAM,CAAC,GAAG,CAAC,CAAC,IAAI,CAAC,OAAO,CAAC,CAAC;SACtC;QACD,IAAI,UAAU,KAAK,OAAO,EAAE;YAC1B,MAAM,OAAO,GAAG,MAAM,IAAI,CAAC,QAAQ,CAAC,iBAAiB,CAAC,KAAK,CAAC,CAAC;YAC7D,OAAO,GAAG,CAAC,MAAM,CAAC,GAAG,CAAC,CAAC,IAAI,CAAC,OAAO,CAAC,CAAC;SACtC;QACD,MAAM,OAAO,GAAG,MAAM,IAAI,CAAC,QAAQ,CAAC,OAAO,EAAE,CAAC;QAC9C,OAAO,GAAG,CAAC,MAAM,CAAC,GAAG,CAAC,CAAC,IAAI,CAAC,OAAO,CAAC,CAAC;IACvC,CAAC;IAED,KAAK,CAAC,aAAa,CAAC,GAAY,EAAE,GAAa;QAC7C,MAAM,MAAM,GAAG,GAAG,CAAC,IAAI,CAAC;QACxB,MAAM,IAAI,GAAG,MAAM,IAAI,CAAC,QAAQ,CAAC,aAAa,CAAC,MAAM,CAAC,CAAC;QACvD,OAAO,GAAG,CAAC,MAAM,CAAC,GAAG,CAAC,CAAC,IAAI,CAAC,IAAI,CAAC,CAAC;IACpC,CAAC;IAED,KAAK,CAAC,gBAAgB,CAAC,GAAY,EAAE,GAAa;QAChD,MAAM,EAAE,GAAG,GAAG,CAAC,MAAM,CAAC,EAAE,CAAC;QACzB,MAAM,IAAI,CAAC,QAAQ,CAAC,gBAAgB,CAAC,MAAM,CAAC,EAAE,CAAC,CAAC,CAAC;QACjD,OAAO,GAAG,CAAC,MAAM,CAAC,GAAG,CAAC,CAAC,IAAI,CAAC,EAAE,OAAO,EAAE,UAAU,EAAE,CAAC,CAAC;IACvD,CAAC;IAED,KAAK,CAAC,aAAa,CAAC,GAAY,EAAE,GAAa;QAC7C,MAAM,EAAE,GAAG,GAAG,CAAC,MAAM,CAAC,EAAE,CAAC;QACzB,MAAM,EAAE,aAAa,EAAE,aAAa,EAAE,GAAG,GAAG,CAAC,IAAI,CAAC;QAClD,MAAM,IAAI,CAAC,QAAQ,CAAC,aAAa,CAC/B,MAAM,CAAC,EAAE,CAAC,EACV,MAAM,CAAC,aAAa,CAAC,EACrB,MAAM,CAAC,aAAa,CAAC,CACtB,CAAC;QACF,OAAO,GAAG,CAAC,MAAM,CAAC,GAAG,CAAC,CAAC,IAAI,CAAC,EAAE,OAAO,EAAE,KAAK,EAAE,CAAC,CAAC;IAClD,CAAC;CACF;AAvCD,oCAuCC","sourcesContent":["import { Response, Request } from 'express';\nimport { IMatchesController } from '../../interfaces/IMatches';\nimport MatchesService from '../services/Matches.service';\n\nexport default class MatchesController implements IMatchesController {\n  constructor(private _service: MatchesService) {}\n\n  async findAll(req: Request, res: Response): Promise<Response> {\n    const { inProgress } = req.query;\n    if (inProgress === 'true') {\n      const matches = await this._service.findAllInProgress(true);\n      return res.status(200).json(matches);\n    }\n    if (inProgress === 'false') {\n      const matches = await this._service.findAllInProgress(false);\n      return res.status(200).json(matches);\n    }\n    const matches = await this._service.findAll();\n    return res.status(200).json(matches);\n  }\n\n  async createMatches(req: Request, res: Response): Promise<Response> {\n    const result = req.body;\n    const DATA = await this._service.createMatches(result);\n    return res.status(201).json(DATA);\n  }\n\n  async changeInProgress(req: Request, res: Response): Promise<Response> {\n    const ID = req.params.id;\n    await this._service.changeInProgress(Number(ID));\n    return res.status(200).json({ message: 'Finished' });\n  }\n\n  async changeResults(req: Request, res: Response): Promise<Response> {\n    const ID = req.params.id;\n    const { homeTeamGoals, awayTeamGoals } = req.body;\n    await this._service.changeResults(\n      Number(ID),\n      Number(homeTeamGoals),\n      Number(awayTeamGoals),\n    );\n    return res.status(200).json({ message: 'deu' });\n  }\n}\n"]},"_coverageSchema":"1a1c01bbd47fc00a2c39e90264f33305004495a9","hash":"5a6fc38148afbb709e064cc9a119f58128808779"},"/home/gustavo/projetos-trybe/sd-023-b-trybe-futebol-clube/app/backend/src/middleware/matches.middleware.ts":{"path":"/home/gustavo/projetos-trybe/sd-023-b-trybe-futebol-clube/app/backend/src/middleware/matches.middleware.ts","statementMap":{"0":{"start":{"line":2,"column":0},"end":{"line":2,"column":62}},"1":{"start":{"line":3,"column":0},"end":{"line":3,"column":75}},"2":{"start":{"line":4,"column":24},"end":{"line":4,"column":69}},"3":{"start":{"line":5,"column":14},"end":{"line":5,"column":30}},"4":{"start":{"line":6,"column":20},"end":{"line":6,"column":49}},"5":{"start":{"line":7,"column":16},"end":{"line":7,"column":35}},"6":{"start":{"line":8,"column":21},"end":{"line":16,"column":1}},"7":{"start":{"line":9,"column":39},"end":{"line":9,"column":47}},"8":{"start":{"line":10,"column":4},"end":{"line":14,"column":5}},"9":{"start":{"line":11,"column":8},"end":{"line":13,"column":11}},"10":{"start":{"line":15,"column":4},"end":{"line":15,"column":18}},"11":{"start":{"line":17,"column":0},"end":{"line":17,"column":36}},"12":{"start":{"line":18,"column":20},"end":{"line":26,"column":1}},"13":{"start":{"line":19,"column":39},"end":{"line":19,"column":47}},"14":{"start":{"line":20,"column":21},"end":{"line":20,"column":67}},"15":{"start":{"line":21,"column":21},"end":{"line":21,"column":67}},"16":{"start":{"line":22,"column":4},"end":{"line":24,"column":5}},"17":{"start":{"line":23,"column":8},"end":{"line":23,"column":83}},"18":{"start":{"line":25,"column":4},"end":{"line":25,"column":18}},"19":{"start":{"line":27,"column":0},"end":{"line":27,"column":34}},"20":{"start":{"line":28,"column":21},"end":{"line":45,"column":1}},"21":{"start":{"line":30,"column":18},"end":{"line":30,"column":43}},"22":{"start":{"line":31,"column":4},"end":{"line":33,"column":5}},"23":{"start":{"line":32,"column":8},"end":{"line":32,"column":80}},"24":{"start":{"line":34,"column":4},"end":{"line":44,"column":5}},"25":{"start":{"line":35,"column":28},"end":{"line":35,"column":49}},"26":{"start":{"line":36,"column":8},"end":{"line":38,"column":9}},"27":{"start":{"line":37,"column":12},"end":{"line":37,"column":35}},"28":{"start":{"line":39,"column":8},"end":{"line":39,"column":36}},"29":{"start":{"line":40,"column":8},"end":{"line":40,"column":22}},"30":{"start":{"line":43,"column":8},"end":{"line":43,"column":80}},"31":{"start":{"line":46,"column":0},"end":{"line":46,"column":36}}},"fnMap":{"0":{"name":"(anonymous_0)","decl":{"start":{"line":8,"column":21},"end":{"line":8,"column":22}},"loc":{"start":{"line":8,"column":41},"end":{"line":16,"column":1}},"line":8},"1":{"name":"(anonymous_1)","decl":{"start":{"line":18,"column":20},"end":{"line":18,"column":21}},"loc":{"start":{"line":18,"column":46},"end":{"line":26,"column":1}},"line":18},"2":{"name":"(anonymous_2)","decl":{"start":{"line":28,"column":21},"end":{"line":28,"column":22}},"loc":{"start":{"line":28,"column":41},"end":{"line":45,"column":1}},"line":28}},"branchMap":{"0":{"loc":{"start":{"line":10,"column":4},"end":{"line":14,"column":5}},"type":"if","locations":[{"start":{"line":10,"column":4},"end":{"line":14,"column":5}},{"start":{"line":10,"column":4},"end":{"line":14,"column":5}}],"line":10},"1":{"loc":{"start":{"line":22,"column":4},"end":{"line":24,"column":5}},"type":"if","locations":[{"start":{"line":22,"column":4},"end":{"line":24,"column":5}},{"start":{"line":22,"column":4},"end":{"line":24,"column":5}}],"line":22},"2":{"loc":{"start":{"line":22,"column":8},"end":{"line":22,"column":30}},"type":"binary-expr","locations":[{"start":{"line":22,"column":8},"end":{"line":22,"column":17}},{"start":{"line":22,"column":21},"end":{"line":22,"column":30}}],"line":22},"3":{"loc":{"start":{"line":31,"column":4},"end":{"line":33,"column":5}},"type":"if","locations":[{"start":{"line":31,"column":4},"end":{"line":33,"column":5}},{"start":{"line":31,"column":4},"end":{"line":33,"column":5}}],"line":31},"4":{"loc":{"start":{"line":36,"column":8},"end":{"line":38,"column":9}},"type":"if","locations":[{"start":{"line":36,"column":8},"end":{"line":38,"column":9}},{"start":{"line":36,"column":8},"end":{"line":38,"column":9}}],"line":36}},"s":{"0":1,"1":1,"2":1,"3":1,"4":1,"5":1,"6":1,"7":0,"8":0,"9":0,"10":0,"11":1,"12":1,"13":0,"14":0,"15":0,"16":0,"17":0,"18":0,"19":1,"20":1,"21":0,"22":0,"23":0,"24":0,"25":0,"26":0,"27":0,"28":0,"29":0,"30":0,"31":1},"f":{"0":0,"1":0,"2":0},"b":{"0":[0,0],"1":[0,0],"2":[0,0],"3":[0,0],"4":[0,0]},"inputSourceMap":{"version":3,"file":"/home/gustavo/projetos-trybe/sd-023-b-trybe-futebol-clube/app/backend/src/middleware/matches.middleware.ts","sources":["/home/gustavo/projetos-trybe/sd-023-b-trybe-futebol-clube/app/backend/src/middleware/matches.middleware.ts"],"names":[],"mappings":";;;AACA,sEAA8D;AAC9D,+BAAiC;AAEjC,MAAM,WAAW,GAAG,IAAI,uBAAY,EAAE,CAAC;AACvC,MAAM,OAAO,GAAG,IAAI,aAAY,EAAE,CAAC;AAEnC,MAAM,YAAY,GAAG,CAAC,GAAY,EAAE,GAAa,EAAE,IAAkB,EAAE,EAAE;IACvE,MAAM,EAAE,UAAU,EAAE,UAAU,EAAE,GAAG,GAAG,CAAC,IAAI,CAAC;IAC5C,IAAI,UAAU,KAAK,UAAU,EAAE;QAC7B,OAAO,GAAG,CAAC,MAAM,CAAC,GAAG,CAAC,CAAC,IAAI,CAAC;YAC1B,OAAO,EAAE,2DAA2D;SACrE,CAAC,CAAC;KACJ;IACD,OAAO,IAAI,EAAE,CAAC;AAChB,CAAC,CAAC;AA6BO,oCAAY;AA3BrB,MAAM,WAAW,GAAG,KAAK,EAAE,GAAY,EAAE,GAAa,EAAE,IAAkB,EAAE,EAAE;IAC5E,MAAM,EAAE,UAAU,EAAE,UAAU,EAAE,GAAG,GAAG,CAAC,IAAI,CAAC;IAC5C,MAAM,QAAQ,GAAG,MAAM,WAAW,CAAC,QAAQ,CAAC,MAAM,CAAC,UAAU,CAAC,CAAC,CAAC;IAChE,MAAM,QAAQ,GAAG,MAAM,WAAW,CAAC,QAAQ,CAAC,MAAM,CAAC,UAAU,CAAC,CAAC,CAAC;IAChE,IAAI,CAAC,QAAQ,IAAI,CAAC,QAAQ,EAAE;QAC1B,OAAO,GAAG,CAAC,MAAM,CAAC,GAAG,CAAC,CAAC,IAAI,CAAC,EAAE,OAAO,EAAE,gCAAgC,EAAE,CAAC,CAAC;KAC5E;IACD,OAAO,IAAI,EAAE,CAAC;AAChB,CAAC,CAAC;AAmBqB,kCAAW;AAjBlC,MAAM,YAAY,GAAG,CAAC,GAAY,EAAE,GAAa,EAAE,IAAkB,EAAE,EAAE;IACvE,wBAAwB;IACxB,MAAM,KAAK,GAAG,GAAG,CAAC,OAAO,CAAC,aAAa,CAAC;IACxC,IAAI,CAAC,KAAK,EAAE;QACV,OAAO,GAAG,CAAC,MAAM,CAAC,GAAG,CAAC,CAAC,IAAI,CAAC,EAAE,OAAO,EAAE,6BAA6B,EAAE,CAAC,CAAC;KACzE;IACD,IAAI;QACF,MAAM,WAAW,GAAG,OAAO,CAAC,MAAM,CAAC,KAAK,CAAC,CAAC;QAC1C,IAAI,CAAC,WAAW,EAAE;YAChB,MAAM,IAAI,KAAK,CAAC,KAAK,CAAC,CAAC;SACxB;QACD,GAAG,CAAC,IAAI,CAAC,IAAI,GAAG,WAAW,CAAC;QAC5B,OAAO,IAAI,EAAE,CAAC;KACf;IAAC,OAAO,GAAG,EAAE;QACZ,OAAO,GAAG,CAAC,MAAM,CAAC,GAAG,CAAC,CAAC,IAAI,CAAC,EAAE,OAAO,EAAE,6BAA6B,EAAE,CAAC,CAAC;KACzE;AACH,CAAC,CAAC;AACkC,oCAAY","sourcesContent":["import { Request, Response, NextFunction } from 'express';\nimport TeamsService from '../database/services/Teams.service';\nimport JsonWebToken from './jwt';\n\nconst teamService = new TeamsService();\nconst DATAJWT = new JsonWebToken();\n\nconst verifyFields = (req: Request, res: Response, next: NextFunction) => {\n  const { homeTeamId, awayTeamId } = req.body;\n  if (homeTeamId === awayTeamId) {\n    return res.status(422).json({\n      message: 'It is not possible to create a match with two equal teams',\n    });\n  }\n  return next();\n};\n\nconst teamsExists = async (req: Request, res: Response, next: NextFunction) => {\n  const { homeTeamId, awayTeamId } = req.body;\n  const teamHome = await teamService.findById(Number(homeTeamId));\n  const teamAway = await teamService.findById(Number(awayTeamId));\n  if (!teamHome || !teamAway) {\n    return res.status(404).json({ message: 'There is no team with such id!' });\n  }\n  return next();\n};\n\nconst tokenIsValid = (req: Request, res: Response, next: NextFunction) => {\n  /* console.log('oi'); */\n  const token = req.headers.authorization;\n  if (!token) {\n    return res.status(401).json({ message: 'Token must be a valid token' });\n  }\n  try {\n    const resultToken = DATAJWT.decode(token);\n    if (!resultToken) {\n      throw new Error('err');\n    }\n    req.body.user = resultToken;\n    return next();\n  } catch (err) {\n    return res.status(401).json({ message: 'Token must be a valid token' });\n  }\n};\nexport { verifyFields, teamsExists, tokenIsValid };\n"]},"_coverageSchema":"1a1c01bbd47fc00a2c39e90264f33305004495a9","hash":"6c869fea66c3b0b9fdf4213e40bb8e922ef1841e"},"/home/gustavo/projetos-trybe/sd-023-b-trybe-futebol-clube/app/backend/src/middleware/jwt.ts":{"path":"/home/gustavo/projetos-trybe/sd-023-b-trybe-futebol-clube/app/backend/src/middleware/jwt.ts","statementMap":{"0":{"start":{"line":2,"column":0},"end":{"line":2,"column":62}},"1":{"start":{"line":3,"column":12},"end":{"line":3,"column":35}},"2":{"start":{"line":6,"column":8},"end":{"line":6,"column":65}},"3":{"start":{"line":7,"column":8},"end":{"line":7,"column":67}},"4":{"start":{"line":10,"column":25},"end":{"line":10,"column":83}},"5":{"start":{"line":11,"column":8},"end":{"line":11,"column":24}},"6":{"start":{"line":14,"column":29},"end":{"line":14,"column":63}},"7":{"start":{"line":15,"column":8},"end":{"line":15,"column":28}},"8":{"start":{"line":18,"column":0},"end":{"line":18,"column":31}}},"fnMap":{"0":{"name":"(anonymous_0)","decl":{"start":{"line":5,"column":4},"end":{"line":5,"column":5}},"loc":{"start":{"line":5,"column":18},"end":{"line":8,"column":5}},"line":5},"1":{"name":"(anonymous_1)","decl":{"start":{"line":9,"column":4},"end":{"line":9,"column":5}},"loc":{"start":{"line":9,"column":27},"end":{"line":12,"column":5}},"line":9},"2":{"name":"(anonymous_2)","decl":{"start":{"line":13,"column":4},"end":{"line":13,"column":5}},"loc":{"start":{"line":13,"column":18},"end":{"line":16,"column":5}},"line":13}},"branchMap":{"0":{"loc":{"start":{"line":6,"column":26},"end":{"line":6,"column":64}},"type":"binary-expr","locations":[{"start":{"line":6,"column":26},"end":{"line":6,"column":48}},{"start":{"line":6,"column":52},"end":{"line":6,"column":64}}],"line":6}},"s":{"0":1,"1":1,"2":3,"3":3,"4":0,"5":0,"6":0,"7":0,"8":1},"f":{"0":3,"1":0,"2":0},"b":{"0":[3,0]},"inputSourceMap":{"version":3,"file":"/home/gustavo/projetos-trybe/sd-023-b-trybe-futebol-clube/app/backend/src/middleware/jwt.ts","sources":["/home/gustavo/projetos-trybe/sd-023-b-trybe-futebol-clube/app/backend/src/middleware/jwt.ts"],"names":[],"mappings":";;AAAA,oCAAoC;AAGpC,MAAqB,YAAY;IAAjC;QACS,eAAU,GAAe,OAAO,CAAC,GAAG,CAAC,UAAU,IAAI,YAAY,CAAC;QAChE,eAAU,GAAoB,EAAE,SAAS,EAAE,KAAK,EAAE,SAAS,EAAE,OAAO,EAAE,CAAC;IAWhF,CAAC;IATQ,aAAa,CAAC,OAAmB;QACtC,MAAM,QAAQ,GAAG,GAAG,CAAC,IAAI,CAAC,EAAE,GAAG,OAAO,EAAE,EAAE,IAAI,CAAC,UAAU,EAAE,IAAI,CAAC,UAAU,CAAC,CAAC;QAC5E,OAAO,QAAQ,CAAC;IAClB,CAAC;IAEM,MAAM,CAAC,KAAa;QACzB,MAAM,YAAY,GAAG,GAAG,CAAC,MAAM,CAAC,KAAK,EAAE,IAAI,CAAC,UAAU,CAAC,CAAC;QACxD,OAAO,YAAY,CAAC;IACtB,CAAC;CACF;AAbD,+BAaC","sourcesContent":["import * as JWT from 'jsonwebtoken';\nimport { IUserLogin } from '../interfaces/IUser';\n\nexport default class JsonWebToken {\n  public _secretKey: JWT.Secret = process.env.JWT_SECRET || 'jwt_secret';\n  public _jwtConfig: JWT.SignOptions = { expiresIn: '15d', algorithm: 'HS256' };\n\n  public generateToken(payload: IUserLogin) {\n    const NewToken = JWT.sign({ ...payload }, this._secretKey, this._jwtConfig);\n    return NewToken;\n  }\n\n  public decode(token: string) {\n    const tokenIsValid = JWT.verify(token, this._secretKey);\n    return tokenIsValid;\n  }\n}\n"]},"_coverageSchema":"1a1c01bbd47fc00a2c39e90264f33305004495a9","hash":"d5bdd714f01da0773ba1e37ffcd4fdf0ec23f50c"},"/home/gustavo/projetos-trybe/sd-023-b-trybe-futebol-clube/app/backend/src/routes/teamsRouter.ts":{"path":"/home/gustavo/projetos-trybe/sd-023-b-trybe-futebol-clube/app/backend/src/routes/teamsRouter.ts","statementMap":{"0":{"start":{"line":2,"column":0},"end":{"line":2,"column":62}},"1":{"start":{"line":3,"column":16},"end":{"line":3,"column":34}},"2":{"start":{"line":4,"column":26},"end":{"line":4,"column":76}},"3":{"start":{"line":5,"column":24},"end":{"line":5,"column":69}},"4":{"start":{"line":6,"column":20},"end":{"line":6,"column":36}},"5":{"start":{"line":7,"column":20},"end":{"line":7,"column":49}},"6":{"start":{"line":8,"column":24},"end":{"line":8,"column":66}},"7":{"start":{"line":9,"column":0},"end":{"line":9,"column":70}},"8":{"start":{"line":9,"column":35},"end":{"line":9,"column":68}},"9":{"start":{"line":10,"column":0},"end":{"line":10,"column":74}},"10":{"start":{"line":10,"column":38},"end":{"line":10,"column":72}},"11":{"start":{"line":11,"column":0},"end":{"line":11,"column":30}}},"fnMap":{"0":{"name":"(anonymous_0)","decl":{"start":{"line":9,"column":21},"end":{"line":9,"column":22}},"loc":{"start":{"line":9,"column":35},"end":{"line":9,"column":68}},"line":9},"1":{"name":"(anonymous_1)","decl":{"start":{"line":10,"column":24},"end":{"line":10,"column":25}},"loc":{"start":{"line":10,"column":38},"end":{"line":10,"column":72}},"line":10}},"branchMap":{},"s":{"0":1,"1":1,"2":1,"3":1,"4":1,"5":1,"6":1,"7":1,"8":0,"9":1,"10":0,"11":1},"f":{"0":0,"1":0},"b":{},"inputSourceMap":{"version":3,"file":"/home/gustavo/projetos-trybe/sd-023-b-trybe-futebol-clube/app/backend/src/routes/teamsRouter.ts","sources":["/home/gustavo/projetos-trybe/sd-023-b-trybe-futebol-clube/app/backend/src/routes/teamsRouter.ts"],"names":[],"mappings":";;AAAA,mCAAmC;AACnC,6EAAsE;AACtE,sEAA8D;AAE9D,MAAM,WAAW,GAAG,OAAO,CAAC,MAAM,EAAE,CAAC;AACrC,MAAM,WAAW,GAAG,IAAI,uBAAY,EAAE,CAAC;AACvC,MAAM,eAAe,GAAG,IAAI,yBAAe,CAAC,WAAW,CAAC,CAAC;AAEzD,WAAW,CAAC,GAAG,CAAC,GAAG,EAAE,CAAC,GAAG,EAAE,GAAG,EAAE,EAAE,CAAC,eAAe,CAAC,OAAO,CAAC,GAAG,EAAE,GAAG,CAAC,CAAC,CAAC;AACtE,WAAW,CAAC,GAAG,CAAC,MAAM,EAAE,CAAC,GAAG,EAAE,GAAG,EAAE,EAAE,CAAC,eAAe,CAAC,QAAQ,CAAC,GAAG,EAAE,GAAG,CAAC,CAAC,CAAC;AAE1E,kBAAe,WAAW,CAAC","sourcesContent":["import * as express from 'express';\nimport TeamsController from '../database/controllers/TeamsController';\nimport TeamsService from '../database/services/Teams.service';\n\nconst teamsRouter = express.Router();\nconst teamService = new TeamsService();\nconst teamsController = new TeamsController(teamService);\n\nteamsRouter.get('/', (req, res) => teamsController.findAll(req, res));\nteamsRouter.get('/:id', (req, res) => teamsController.findById(req, res));\n\nexport default teamsRouter;\n"]},"_coverageSchema":"1a1c01bbd47fc00a2c39e90264f33305004495a9","hash":"bfa35eb0fdeaf3d6e0bd5ba9f36512099c81aa2b"},"/home/gustavo/projetos-trybe/sd-023-b-trybe-futebol-clube/app/backend/src/database/controllers/TeamsController.ts":{"path":"/home/gustavo/projetos-trybe/sd-023-b-trybe-futebol-clube/app/backend/src/database/controllers/TeamsController.ts","statementMap":{"0":{"start":{"line":2,"column":0},"end":{"line":2,"column":62}},"1":{"start":{"line":5,"column":8},"end":{"line":5,"column":33}},"2":{"start":{"line":8,"column":22},"end":{"line":8,"column":51}},"3":{"start":{"line":9,"column":8},"end":{"line":9,"column":43}},"4":{"start":{"line":12,"column":19},"end":{"line":12,"column":40}},"5":{"start":{"line":13,"column":21},"end":{"line":13,"column":53}},"6":{"start":{"line":14,"column":8},"end":{"line":14,"column":42}},"7":{"start":{"line":17,"column":0},"end":{"line":17,"column":34}}},"fnMap":{"0":{"name":"(anonymous_0)","decl":{"start":{"line":4,"column":4},"end":{"line":4,"column":5}},"loc":{"start":{"line":4,"column":26},"end":{"line":6,"column":5}},"line":4},"1":{"name":"(anonymous_1)","decl":{"start":{"line":7,"column":4},"end":{"line":7,"column":5}},"loc":{"start":{"line":7,"column":28},"end":{"line":10,"column":5}},"line":7},"2":{"name":"(anonymous_2)","decl":{"start":{"line":11,"column":4},"end":{"line":11,"column":5}},"loc":{"start":{"line":11,"column":29},"end":{"line":15,"column":5}},"line":11}},"branchMap":{},"s":{"0":1,"1":1,"2":0,"3":0,"4":0,"5":0,"6":0,"7":1},"f":{"0":1,"1":0,"2":0},"b":{},"inputSourceMap":{"version":3,"file":"/home/gustavo/projetos-trybe/sd-023-b-trybe-futebol-clube/app/backend/src/database/controllers/TeamsController.ts","sources":["/home/gustavo/projetos-trybe/sd-023-b-trybe-futebol-clube/app/backend/src/database/controllers/TeamsController.ts"],"names":[],"mappings":";;AAIA,MAAqB,eAAe;IAClC,YAAoB,QAAsB;QAAtB,aAAQ,GAAR,QAAQ,CAAc;IAAG,CAAC;IAE9C,KAAK,CAAC,OAAO,CAAC,GAAY,EAAE,GAAa;QACvC,MAAM,KAAK,GAAG,MAAM,IAAI,CAAC,QAAQ,CAAC,OAAO,EAAE,CAAC;QAC5C,OAAO,GAAG,CAAC,MAAM,CAAC,GAAG,CAAC,CAAC,IAAI,CAAC,KAAK,CAAC,CAAC;IACrC,CAAC;IAED,KAAK,CAAC,QAAQ,CAAC,GAAY,EAAE,GAAa;QACxC,MAAM,EAAE,GAAG,MAAM,CAAC,GAAG,CAAC,MAAM,CAAC,EAAE,CAAC,CAAC;QACjC,MAAM,IAAI,GAAG,MAAM,IAAI,CAAC,QAAQ,CAAC,QAAQ,CAAC,EAAE,CAAC,CAAC;QAC9C,OAAO,GAAG,CAAC,MAAM,CAAC,GAAG,CAAC,CAAC,IAAI,CAAC,IAAI,CAAC,CAAC;IACpC,CAAC;CACF;AAbD,kCAaC","sourcesContent":["import { Response, Request } from 'express';\nimport { ITeamsController } from '../../interfaces/ITeams';\nimport TeamsService from '../services/Teams.service';\n\nexport default class TeamsController implements ITeamsController {\n  constructor(private _service: TeamsService) {}\n\n  async findAll(req: Request, res: Response): Promise<Response> {\n    const teams = await this._service.findAll();\n    return res.status(200).json(teams);\n  }\n\n  async findById(req: Request, res: Response): Promise<Response> {\n    const id = Number(req.params.id);\n    const team = await this._service.findById(id);\n    return res.status(200).json(team);\n  }\n}\n"]},"_coverageSchema":"1a1c01bbd47fc00a2c39e90264f33305004495a9","hash":"60dd9dd45174d0a019f3807972cf949bc8a784d1"},"/home/gustavo/projetos-trybe/sd-023-b-trybe-futebol-clube/app/backend/src/routes/userRoutes.ts":{"path":"/home/gustavo/projetos-trybe/sd-023-b-trybe-futebol-clube/app/backend/src/routes/userRoutes.ts","statementMap":{"0":{"start":{"line":2,"column":0},"end":{"line":2,"column":62}},"1":{"start":{"line":3,"column":16},"end":{"line":3,"column":34}},"2":{"start":{"line":4,"column":24},"end":{"line":4,"column":69}},"3":{"start":{"line":5,"column":25},"end":{"line":5,"column":74}},"4":{"start":{"line":6,"column":24},"end":{"line":6,"column":62}},"5":{"start":{"line":7,"column":26},"end":{"line":7,"column":66}},"6":{"start":{"line":8,"column":19},"end":{"line":8,"column":35}},"7":{"start":{"line":9,"column":20},"end":{"line":9,"column":49}},"8":{"start":{"line":10,"column":23},"end":{"line":10,"column":64}},"9":{"start":{"line":11,"column":0},"end":{"line":11,"column":174}},"10":{"start":{"line":11,"column":140},"end":{"line":11,"column":172}},"11":{"start":{"line":12,"column":0},"end":{"line":12,"column":108}},"12":{"start":{"line":12,"column":69},"end":{"line":12,"column":106}},"13":{"start":{"line":13,"column":0},"end":{"line":13,"column":29}}},"fnMap":{"0":{"name":"(anonymous_0)","decl":{"start":{"line":11,"column":126},"end":{"line":11,"column":127}},"loc":{"start":{"line":11,"column":140},"end":{"line":11,"column":172}},"line":11},"1":{"name":"(anonymous_1)","decl":{"start":{"line":12,"column":55},"end":{"line":12,"column":56}},"loc":{"start":{"line":12,"column":69},"end":{"line":12,"column":106}},"line":12}},"branchMap":{},"s":{"0":1,"1":1,"2":1,"3":1,"4":1,"5":1,"6":1,"7":1,"8":1,"9":1,"10":0,"11":1,"12":0,"13":1},"f":{"0":0,"1":0},"b":{},"inputSourceMap":{"version":3,"file":"/home/gustavo/projetos-trybe/sd-023-b-trybe-futebol-clube/app/backend/src/routes/userRoutes.ts","sources":["/home/gustavo/projetos-trybe/sd-023-b-trybe-futebol-clube/app/backend/src/routes/userRoutes.ts"],"names":[],"mappings":";;AAAA,mCAAmC;AACnC,sEAA6D;AAC7D,2EAAoE;AACpE,+DAIqC;AACrC,mEAAiD;AAEjD,MAAM,UAAU,GAAG,OAAO,CAAC,MAAM,EAAE,CAAC;AACpC,MAAM,WAAW,GAAG,IAAI,uBAAW,EAAE,CAAC;AACtC,MAAM,cAAc,GAAG,IAAI,wBAAc,CAAC,WAAW,CAAC,CAAC;AAEvD,UAAU,CAAC,IAAI,CAAC,GAAG,EAAE,4BAAY,EAAE,+BAAe,EAAE,wCAAwB,EAAE,CAAC,GAAG,EAAE,GAAG,EAAE,EAAE,CACzF,cAAc,CAAC,OAAO,CAAC,GAAG,EAAE,GAAG,CAAC,CAAC,CAAC;AACpC,UAAU,CAAC,GAAG,CAAC,WAAW,EAAE,yBAAI,EAAE,CAAC,GAAG,EAAE,GAAG,EAAE,EAAE,CAAC,cAAc,CAAC,YAAY,CAAC,GAAG,EAAE,GAAG,CAAC,CAAC,CAAC;AAEvF,kBAAe,UAAU,CAAC","sourcesContent":["import * as express from 'express';\nimport UserService from '../database/services/Users.Service';\nimport UserController from '../database/controllers/UserController';\nimport {\n  emailAndPasswordValidate,\n  emailNotNull,\n  passwordNotNull,\n} from '../middleware/validateLogin';\nimport auth from '../middleware/auth.middleware';\n\nconst userRouter = express.Router();\nconst userService = new UserService();\nconst userController = new UserController(userService);\n\nuserRouter.post('/', emailNotNull, passwordNotNull, emailAndPasswordValidate, (req, res) =>\n  userController.findOne(req, res));\nuserRouter.get('/validate', auth, (req, res) => userController.validateRole(req, res));\n\nexport default userRouter;\n"]},"_coverageSchema":"1a1c01bbd47fc00a2c39e90264f33305004495a9","hash":"f74a91808858ee5472338af7b3bac3949335b505"},"/home/gustavo/projetos-trybe/sd-023-b-trybe-futebol-clube/app/backend/src/database/services/Users.Service.ts":{"path":"/home/gustavo/projetos-trybe/sd-023-b-trybe-futebol-clube/app/backend/src/database/services/Users.Service.ts","statementMap":{"0":{"start":{"line":2,"colum
[...]
:8,"column":25},"end":{"line":12,"column":5}},"line":8}},"branchMap":{"0":{"loc":{"start":{"line":10,"column":20},"end":{"line":10,"column":79}},"type":"cond-expr","locations":[{"start":{"line":10,"column":55},"end":{"line":10,"column":61}},{"start":{"line":10,"column":64},"end":{"line":10,"column":79}}],"line":10},"1":{"loc":{"start":{"line":10,"column":20},"end":{"line":10,"column":52}},"type":"binary-expr","locations":[{"start":{"line":10,"column":20},"end":{"line":10,"column":33}},{"start":{"line":10,"column":37},"end":{"line":10,"column":52}}],"line":10},"2":{"loc":{"start":{"line":11,"column":15},"end":{"line":11,"column":74}},"type":"cond-expr","locations":[{"start":{"line":11,"column":50},"end":{"line":11,"column":56}},{"start":{"line":11,"column":59},"end":{"line":11,"column":74}}],"line":11},"3":{"loc":{"start":{"line":11,"column":15},"end":{"line":11,"column":47}},"type":"binary-expr","locations":[{"start":{"line":11,"column":15},"end":{"line":11,"column":28}},{"start":{"line":11,"column":32},"end":{"line":11,"column":47}}],"line":11}},"s":{"0":1,"1":1,"2":4,"3":2,"4":2,"5":2,"6":1},"f":{"0":4,"1":2},"b":{"0":[0,2],"1":[2,2],"2":[0,2],"3":[2,2]},"inputSourceMap":{"version":3,"file":"/home/gustavo/projetos-trybe/sd-023-b-trybe-futebol-clube/app/backend/src/database/services/Users.Service.ts","sources":["/home/gustavo/projetos-trybe/sd-023-b-trybe-futebol-clube/app/backend/src/database/services/Users.Service.ts"],"names":[],"mappings":";;AACA,2CAAoC;AAEpC,MAAqB,WAAW;IAAhC;QACU,QAAG,GAAG,eAAK,CAAC;IAOtB,CAAC;IALC,KAAK,CAAC,OAAO,CAAC,KAAa;QACzB,MAAM,IAAI,GAAG,MAAM,IAAI,CAAC,GAAG,CAAC,OAAO,CAAC,EAAE,KAAK,EAAE,EAAE,KAAK,EAAE,EAAE,CAAC,CAAC;QAC1D,OAAO,CAAC,GAAG,CAAC,IAAI,aAAJ,IAAI,uBAAJ,IAAI,CAAE,UAAU,CAAC,CAAC;QAC9B,OAAO,IAAI,aAAJ,IAAI,uBAAJ,IAAI,CAAE,UAAmB,CAAC;IACnC,CAAC;CACF;AARD,8BAQC","sourcesContent":["import { IUser } from '../../interfaces/IUser';\nimport Users from '../models/Users';\n\nexport default class UserService implements IUser {\n  private _db = Users;\n\n  async findOne(email: string): Promise<Users> {\n    const user = await this._db.findOne({ where: { email } });\n    console.log(user?.dataValues);\n    return user?.dataValues as Users;\n  }\n}\n"]},"_coverageSchema":"1a1c01bbd47fc00a2c39e90264f33305004495a9","hash":"9abf0bc9ec320dd1c4f921a1aa59fbca30a7f09f"},"/home/gustavo/projetos-trybe/sd-023-b-trybe-futebol-clube/app/backend/src/database/models/Users.ts":{"path":"/home/gustavo/projetos-trybe/sd-023-b-trybe-futebol-clube/app/backend/src/database/models/Users.ts","statementMap":{"0":{"start":{"line":2,"column":0},"end":{"line":2,"column":62}},"1":{"start":{"line":3,"column":20},"end":{"line":3,"column":40}},"2":{"start":{"line":4,"column":11},"end":{"line":4,"column":23}},"3":{"start":{"line":7,"column":0},"end":{"line":7,"column":24}},"4":{"start":{"line":8,"column":0},"end":{"line":36,"column":3}}},"fnMap":{},"branchMap":{},"s":{"0":1,"1":1,"2":1,"3":1,"4":1},"f":{},"b":{},"inputSourceMap":{"version":3,"file":"/home/gustavo/projetos-trybe/sd-023-b-trybe-futebol-clube/app/backend/src/database/models/Users.ts","sources":["/home/gustavo/projetos-trybe/sd-023-b-trybe-futebol-clube/app/backend/src/database/models/Users.ts"],"names":[],"mappings":";;AAAA,yCAA6C;AAC7C,wBAA2B;AAE3B,MAAqB,KAAM,SAAQ,iBAAK;CAMvC;AAND,wBAMC;AAED,KAAK,CAAC,IAAI,CACR;IACE,EAAE,EAAE;QACF,IAAI,EAAE,qBAAS,CAAC,OAAO;QACvB,UAAU,EAAE,IAAI;QAChB,aAAa,EAAE,IAAI;QACnB,SAAS,EAAE,KAAK;KACjB;IACD,QAAQ,EAAE;QACR,IAAI,EAAE,qBAAS,CAAC,MAAM;QACtB,SAAS,EAAE,KAAK;KACjB;IACD,IAAI,EAAE;QACJ,IAAI,EAAE,qBAAS,CAAC,MAAM;QACtB,SAAS,EAAE,KAAK;KACjB;IACD,KAAK,EAAE;QACL,IAAI,EAAE,qBAAS,CAAC,MAAM;QACtB,SAAS,EAAE,KAAK;KACjB;IACD,QAAQ,EAAE;QACR,IAAI,EAAE,qBAAS,CAAC,MAAM;QACtB,SAAS,EAAE,KAAK;KACjB;CACF,EACD;IACE,SAAS,EAAE,UAAU;IACrB,SAAS,EAAE,OAAO;IAClB,UAAU,EAAE,KAAK;IACjB,WAAW,EAAE,IAAI;CAClB,CACF,CAAC","sourcesContent":["import { DataTypes, Model } from 'sequelize';\nimport connection from '.';\n\nexport default class Users extends Model {\n  declare id: number;\n  declare username: string;\n  declare role: string;\n  declare email: string;\n  declare password: string;\n}\n\nUsers.init(\n  {\n    id: {\n      type: DataTypes.INTEGER,\n      primaryKey: true,\n      autoIncrement: true,\n      allowNull: false,\n    },\n    username: {\n      type: DataTypes.STRING,\n      allowNull: false,\n    },\n    role: {\n      type: DataTypes.STRING,\n      allowNull: false,\n    },\n    email: {\n      type: DataTypes.STRING,\n      allowNull: false,\n    },\n    password: {\n      type: DataTypes.STRING,\n      allowNull: false,\n    },\n  },\n  {\n    sequelize: connection,\n    tableName: 'users',\n    timestamps: false,\n    underscored: true,\n  },\n);\n"]},"_coverageSchema":"1a1c01bbd47fc00a2c39e90264f33305004495a9","hash":"d6a83b42871dd449cce3a32aca840e4588f9bbe6"},"/home/gustavo/projetos-trybe/sd-023-b-trybe-futebol-clube/app/backend/src/database/controllers/UserController.ts":{"path":"/home/gustavo/projetos-trybe/sd-023-b-trybe-futebol-clube/app/backend/src/database/controllers/UserController.ts","statementMap":{"0":{"start":{"line":2,"column":0},"end":{"line":2,"column":62}},"1":{"start":{"line":3,"column":14},"end":{"line":3,"column":45}},"2":{"start":{"line":4,"column":22},"end":{"line":4,"column":41}},"3":{"start":{"line":7,"column":8},"end":{"line":7,"column":33}},"4":{"start":{"line":10,"column":36},"end":{"line":10,"column":44}},"5":{"start":{"line":11,"column":21},"end":{"line":11,"column":55}},"6":{"start":{"line":12,"column":8},"end":{"line":17,"column":9}},"7":{"start":{"line":13,"column":24},"end":{"line":13,"column":43}},"8":{"start":{"line":14,"column":26},"end":{"line":14,"column":58}},"9":{"start":{"line":15,"column":12},"end":{"line":15,"column":46}},"10":{"start":{"line":16,"column":12},"end":{"line":16,"column":51}},"11":{"start":{"line":18,"column":8},"end":{"line":18,"column":78}},"12":{"start":{"line":21,"column":25},"end":{"line":21,"column":33}},"13":{"start":{"line":22,"column":8},"end":{"line":22,"column":39}},"14":{"start":{"line":23,"column":21},"end":{"line":23,"column":60}},"15":{"start":{"line":24,"column":8},"end":{"line":25,"column":66}},"16":{"start":{"line":25,"column":12},"end":{"line":25,"column":66}},"17":{"start":{"line":26,"column":8},"end":{"line":26,"column":57}},"18":{"start":{"line":29,"column":0},"end":{"line":29,"column":33}}},"fnMap":{"0":{"name":"(anonymous_0)","decl":{"start":{"line":6,"column":4},"end":{"line":6,"column":5}},"loc":{"start":{"line":6,"column":26},"end":{"line":8,"column":5}},"line":6},"1":{"name":"(anonymous_1)","decl":{"start":{"line":9,"column":4},"end":{"line":9,"column":5}},"loc":{"start":{"line":9,"column":28},"end":{"line":19,"column":5}},"line":9},"2":{"name":"(anonymous_2)","decl":{"start":{"line":20,"column":4},"end":{"line":20,"column":5}},"loc":{"start":{"line":20,"column":33},"end":{"line":27,"column":5}},"line":20}},"branchMap":{"0":{"loc":{"start":{"line":12,"column":8},"end":{"line":17,"column":9}},"type":"if","locations":[{"start":{"line":12,"column":8},"end":{"line":17,"column":9}},{"start":{"line":12,"column":8},"end":{"line":17,"column":9}}],"line":12},"1":{"loc":{"start":{"line":24,"column":8},"end":{"line":25,"column":66}},"type":"if","locations":[{"start":{"line":24,"column":8},"end":{"line":25,"column":66}},{"start":{"line":24,"column":8},"end":{"line":25,"column":66}}],"line":24}},"s":{"0":1,"1":1,"2":1,"3":1,"4":0,"5":0,"6":0,"7":0,"8":0,"9":0,"10":0,"11":0,"12":0,"13":0,"14":0,"15":0,"16":0,"17":0,"18":1},"f":{"0":1,"1":0,"2":0},"b":{"0":[0,0],"1":[0,0]},"inputSourceMap":{"version":3,"file":"/home/gustavo/projetos-trybe/sd-023-b-trybe-futebol-clube/app/backend/src/database/controllers/UserController.ts","sources":["/home/gustavo/projetos-trybe/sd-023-b-trybe-futebol-clube/app/backend/src/database/controllers/UserController.ts"],"names":[],"mappings":";;AACA,8CAAgD;AAIhD,MAAM,aAAa,GAAG,IAAI,aAAY,EAAE,CAAC;AAEzC,MAAqB,cAAc;IACjC,YAAoB,QAAqB;QAArB,aAAQ,GAAR,QAAQ,CAAa;IAAG,CAAC;IAE7C,KAAK,CAAC,OAAO,CAAC,GAAY,EAAE,GAAa;QACvC,MAAM,EAAE,KAAK,EAAE,QAAQ,EAAE,GAAG,GAAG,CAAC,IAAI,CAAC;QACrC,MAAM,IAAI,GAAG,MAAM,IAAI,CAAC,QAAQ,CAAC,OAAO,CAAC,KAAK,CAAC,CAAC;QAChD,IAAI,IAAI,EAAE;YACR,MAAM,GAAG,GAAG,EAAE,KAAK,EAAE,QAAQ,EAAE,CAAC;YAChC,MAAM,KAAK,GAAG,aAAa,CAAC,aAAa,CAAC,GAAG,CAAC,CAAC;YAC/C,GAAG,CAAC,OAAO,CAAC,aAAa,GAAG,KAAK,CAAC;YAClC,OAAO,GAAG,CAAC,MAAM,CAAC,GAAG,CAAC,CAAC,IAAI,CAAC,EAAE,KAAK,EAAE,CAAC,CAAC;SACxC;QACD,OAAO,GAAG,CAAC,MAAM,CAAC,GAAG,CAAC,CAAC,IAAI,CAAC,EAAE,OAAO,EAAE,2BAA2B,EAAE,CAAC,CAAC;IACxE,CAAC;IAED,KAAK,CAAC,YAAY,CAAC,GAAY,EAAE,GAAa;QAC5C,MAAM,EAAE,IAAI,EAAE,GAAG,GAAG,CAAC,IAAI,CAAC;QAC1B,OAAO,CAAC,GAAG,CAAC,WAAW,EAAE,IAAI,CAAC,CAAC;QAC/B,MAAM,IAAI,GAAG,MAAM,IAAI,CAAC,QAAQ,CAAC,OAAO,CAAC,IAAI,CAAC,KAAK,CAAC,CAAC;QACrD,IAAI,CAAC,IAAI;YAAE,OAAO,GAAG,CAAC,MAAM,CAAC,GAAG,CAAC,CAAC,IAAI,CAAC,EAAE,OAAO,EAAE,WAAW,EAAE,CAAC,CAAC;QACjE,OAAO,GAAG,CAAC,MAAM,CAAC,GAAG,CAAC,CAAC,IAAI,CAAC,EAAE,IAAI,EAAE,IAAI,CAAC,IAAI,EAAE,CAAC,CAAC;IACnD,CAAC;CACF;AAtBD,iCAsBC","sourcesContent":["import { Response, Request } from 'express';\nimport JsonWebToken from '../../middleware/jwt';\nimport { IUserController } from '../../interfaces/IUser';\nimport UserService from '../services/Users.Service';\n\nconst jwtController = new JsonWebToken();\n\nexport default class UserController implements IUserController {\n  constructor(private _service: UserService) {}\n\n  async findOne(req: Request, res: Response): Promise<Response> {\n    const { email, password } = req.body;\n    const user = await this._service.findOne(email);\n    if (user) {\n      const obj = { email, password };\n      const token = jwtController.generateToken(obj);\n      req.headers.authorization = token;\n      return res.status(200).json({ token });\n    }\n    return res.status(400).json({ message: 'Invalid email or password' });\n  }\n\n  async validateRole(req: Request, res: Response): Promise<Response> {\n    const { user } = req.body;\n    console.log('AQUIIIIII', user);\n    const data = await this._service.findOne(user.email);\n    if (!data) return res.status(404).json({ message: 'not found' });\n    return res.status(200).json({ role: data.role });\n  }\n}\n"]},"_coverageSchema":"1a1c01bbd47fc00a2c39e90264f33305004495a9","hash":"26e8a8bb0b0eb4e0a62160d9b086ea47776f7646"},"/home/gustavo/projetos-trybe/sd-023-b-trybe-futebol-clube/app/backend/src/middleware/validateLogin.ts":{"path":"/home/gustavo/projetos-trybe/sd-023-b-trybe-futebol-clube/app/backend/src/middleware/validateLogin.ts","statementMap":{"0":{"start":{"line":2,"column":0},"end":{"line":2,"column":62}},"1":{"start":{"line":3,"column":0},"end":{"line":3,"column":91}},"2":{"start":{"line":4,"column":15},"end":{"line":4,"column":34}},"3":{"start":{"line":5,"column":24},"end":{"line":5,"column":69}},"4":{"start":{"line":6,"column":21},"end":{"line":12,"column":1}},"5":{"start":{"line":7,"column":22},"end":{"line":7,"column":30}},"6":{"start":{"line":8,"column":4},"end":{"line":10,"column":5}},"7":{"start":{"line":9,"column":8},"end":{"line":9,"column":78}},"8":{"start":{"line":11,"column":4},"end":{"line":11,"column":18}},"9":{"start":{"line":13,"column":0},"end":{"line":13,"column":36}},"10":{"start":{"line":14,"column":24},"end":{"line":20,"column":1}},"11":{"start":{"line":15,"column":25},"end":{"line":15,"column":33}},"12":{"start":{"line":16,"column":4},"end":{"line":18,"column":5}},"13":{"start":{"line":17,"column":8},"end":{"line":17,"column":78}},"14":{"start":{"line":19,"column":4},"end":{"line":19,"column":18}},"15":{"start":{"line":21,"column":0},"end":{"line":21,"column":42}},"16":{"start":{"line":22,"column":33},"end":{"line":34,"column":1}},"17":{"start":{"line":23,"column":32},"end":{"line":23,"column":40}},"18":{"start":{"line":24,"column":16},"end":{"line":24,"column":45}},"19":{"start":{"line":25,"column":17},"end":{"line":25,"column":41}},"20":{"start":{"line":26,"column":4},"end":{"line":28,"column":5}},"21":{"start":{"line":27,"column":8},"end":{"line":27,"column":80}},"22":{"start":{"line":29,"column":25},"end":{"line":29,"column":68}},"23":{"start":{"line":30,"column":4},"end":{"line":32,"column":5}},"24":{"start":{"line":31,"column":8},"end":{"line":31,"column":80}},"25":{"start":{"line":33,"column":4},"end":{"line":33,"column":18}},"26":{"start":{"line":35,"column":0},"end":{"line":35,"column":60}}},"fnMap":{"0":{"name":"(anonymous_0)","decl":{"start":{"line":6,"column":21},"end":{"line":6,"column":22}},"loc":{"start":{"line":6,"column":41},"end":{"line":12,"column":1}},"line":6},"1":{"name":"(anonymous_1)","decl":{"start":{"line":14,"column":24},"end":{"line":14,"column":25}},"loc":{"start":{"line":14,"column":44},"end":{"line":20,"column":1}},"line":14},"2":{"name":"(anonymous_2)","decl":{"start":{"line":22,"column":33},"end":{"line":22,"column":34}},"loc":{"start":{"line":22,"column":59},"end":{"line":34,"column":1}},"line":22}},"branchMap":{"0":{"loc":{"start":{"line":8,"column":4},"end":{"line":10,"column":5}},"type":"if","locations":[{"start":{"line":8,"column":4},"end":{"line":10,"column":5}},{"start":{"line":8,"column":4},"end":{"line":10,"column":5}}],"line":8},"1":{"loc":{"start":{"line":16,"column":4},"end":{"line":18,"column":5}},"type":"if","locations":[{"start":{"line":16,"column":4},"end":{"line":18,"column":5}},{"start":{"line":16,"column":4},"end":{"line":18,"column":5}}],"line":16},"2":{"loc":{"start":{"line":26,"column":4},"end":{"line":28,"column":5}},"type":"if","locations":[{"start":{"line":26,"column":4},"end":{"line":28,"column":5}},{"start":{"line":26,"column":4},"end":{"line":28,"column":5}}],"line":26},"3":{"loc":{"start":{"line":30,"column":4},"end":{"line":32,"column":5}},"type":"if","locations":[{"start":{"line":30,"column":4},"end":{"line":32,"column":5}},{"start":{"line":30,"column":4},"end":{"line":32,"column":5}}],"line":30}},"s":{"0":1,"1":1,"2":1,"3":1,"4":1,"5":4,"6":4,"7":1,"8":3,"9":1,"10":1,"11":3,"12":3,"13":1,"14":2,"15":1,"16":1,"17":2,"18":2,"19":2,"20":2,"21":2,"22":0,"23":0,"24":0,"25":0,"26":1},"f":{"0":4,"1":3,"2":2},"b":{"0":[1,3],"1":[1,2],"2":[2,0],"3":[0,0]},"inputSourceMap":{"version":3,"file":"/home/gustavo/projetos-trybe/sd-023-b-trybe-futebol-clube/app/backend/src/middleware/validateLogin.ts","sources":["/home/gustavo/projetos-trybe/sd-023-b-trybe-futebol-clube/app/backend/src/middleware/validateLogin.ts"],"names":[],"mappings":";;;AACA,mCAAmC;AACnC,sEAA6D;AAE7D,MAAM,YAAY,GAAG,CAAC,GAAY,EAAE,GAAa,EAAE,IAAkB,EAAE,EAAE;IACvE,MAAM,EAAE,KAAK,EAAE,GAAG,GAAG,CAAC,IAAI,CAAC;IAC3B,IAAI,CAAC,KAAK,EAAE;QACV,OAAO,GAAG,CAAC,MAAM,CAAC,GAAG,CAAC,CAAC,IAAI,CAAC,EAAE,OAAO,EAAE,2BAA2B,EAAE,CAAC,CAAC;KACvE;IACD,OAAO,IAAI,EAAE,CAAC;AAChB,CAAC,CAAC;AAgCO,oCAAY;AA9BrB,MAAM,eAAe,GAAG,CAAC,GAAY,EAAE,GAAa,EAAE,IAAkB,EAAE,EAAE;IAC1E,MAAM,EAAE,QAAQ,EAAE,GAAG,GAAG,CAAC,IAAI,CAAC;IAC9B,IAAI,CAAC,QAAQ,EAAE;QACb,OAAO,GAAG,CAAC,MAAM,CAAC,GAAG,CAAC,CAAC,IAAI,CAAC,EAAE,OAAO,EAAE,2BAA2B,EAAE,CAAC,CAAC;KACvE;IACD,OAAO,IAAI,EAAE,CAAC;AAChB,CAAC,CAAC;AAwBqB,0CAAe;AAtBtC,MAAM,wBAAwB,GAAG,KAAK,EACpC,GAAY,EACZ,GAAa,EACb,IAAkB,EAClB,EAAE;IACF,MAAM,EAAE,KAAK,EAAE,QAAQ,EAAE,GAAG,GAAG,CAAC,IAAI,CAAC;IACrC,MAAM,GAAG,GAAG,IAAI,uBAAW,EAAE,CAAC;IAC9B,MAAM,IAAI,GAAG,MAAM,GAAG,CAAC,OAAO,CAAC,KAAK,CAAC,CAAC;IAEtC,IAAI,CAAC,IAAI,EAAE;QACT,OAAO,GAAG,CAAC,MAAM,CAAC,GAAG,CAAC,CAAC,IAAI,CAAC,EAAE,OAAO,EAAE,6BAA6B,EAAE,CAAC,CAAC;KACzE;IAED,MAAM,YAAY,GAAG,MAAM,CAAC,WAAW,CAAC,QAAQ,EAAE,IAAI,CAAC,QAAQ,CAAC,CAAC;IAEjE,IAAI,CAAC,YAAY,EAAE;QACjB,OAAO,GAAG,CAAC,MAAM,CAAC,GAAG,CAAC,CAAC,IAAI,CAAC,EAAE,OAAO,EAAE,6BAA6B,EAAE,CAAC,CAAC;KACzE;IAED,OAAO,IAAI,EAAE,CAAC;AAChB,CAAC,CAAC;AAEsC,4DAAwB","sourcesContent":["import { NextFunction, Request, Response } from 'express';\nimport * as bcrypt from 'bcryptjs';\nimport UserService from '../database/services/Users.Service';\n\nconst emailNotNull = (req: Request, res: Response, next: NextFunction) => {\n  const { email } = req.body;\n  if (!email) {\n    return res.status(400).json({ message: 'All fields must be filled' });\n  }\n  return next();\n};\n\nconst passwordNotNull = (req: Request, res: Response, next: NextFunction) => {\n  const { password } = req.body;\n  if (!password) {\n    return res.status(400).json({ message: 'All fields must be filled' });\n  }\n  return next();\n};\n\nconst emailAndPasswordValidate = async (\n  req: Request,\n  res: Response,\n  next: NextFunction,\n) => {\n  const { email, password } = req.body;\n  const obj = new UserService();\n  const DATA = await obj.findOne(email);\n\n  if (!DATA) {\n    return res.status(401).json({ message: 'Incorrect email or password' });\n  }\n\n  const truePassword = bcrypt.compareSync(password, DATA.password);\n\n  if (!truePassword) {\n    return res.status(401).json({ message: 'Incorrect email or password' });\n  }\n\n  return next();\n};\n\nexport { emailNotNull, passwordNotNull, emailAndPasswordValidate };\n"]},"_coverageSchema":"1a1c01bbd47fc00a2c39e90264f33305004495a9","hash":"dcef00e5be27aed5631ddb9b6d5eed3fbad4b081"},"/home/gustavo/projetos-trybe/sd-023-b-trybe-futebol-clube/app/backend/src/middleware/auth.middleware.ts":{"path":"/home/gustavo/projetos-trybe/sd-023-b-trybe-futebol-clube/app/backend/src/middleware/auth.middleware.ts","statementMap":{"0":{"start":{"line":2,"column":0},"end":{"line":2,"column":62}},"1":{"start":{"line":3,"column":14},"end":{"line":3,"column":30}},"2":{"start":{"line":4,"column":16},"end":{"line":4,"column":35}},"3":{"start":{"line":5,"column":13},"end":{"line":15,"column":1}},"4":{"start":{"line":7,"column":18},"end":{"line":7,"column":43}},"5":{"start":{"line":8,"column":4},"end":{"line":10,"column":5}},"6":{"start":{"line":9,"column":8},"end":{"line":9,"column":80}},"7":{"start":{"line":11,"column":24},"end":{"line":11,"column":45}},"8":{"start":{"line":12,"column":4},"end":{"line":12,"column":32}},"9":{"start":{"line":13,"column":4},"end":{"line":13,"column":39}},"10":{"start":{"line":14,"column":4},"end":{"line":14,"column":18}},"11":{"start":{"line":16,"column":0},"end":{"line":16,"column":23}}},"fnMap":{"0":{"name":"(anonymous_0)","decl":{"start":{"line":5,"column":13},"end":{"line":5,"column":14}},"loc":{"start":{"line":5,"column":33},"end":{"line":15,"column":1}},"line":5}},"branchMap":{"0":{"loc":{"start":{"line":8,"column":4},"end":{"line":10,"column":5}},"type":"if","locations":[{"start":{"line":8,"column":4},"end":{"line":10,"column":5}},{"start":{"line":8,"column":4},"end":{"line":10,"column":5}}],"line":8}},"s":{"0":1,"1":1,"2":1,"3":1,"4":0,"5":0,"6":0,"7":0,"8":0,"9":0,"10":0,"11":1},"f":{"0":0},"b":{"0":[0,0]},"inputSourceMap":{"version":3,"file":"/home/gustavo/projetos-trybe/sd-023-b-trybe-futebol-clube/app/backend/src/middleware/auth.middleware.ts","sources":["/home/gustavo/projetos-trybe/sd-023-b-trybe-futebol-clube/app/backend/src/middleware/auth.middleware.ts"],"names":[],"mappings":";;AACA,+BAAiC;AAEjC,MAAM,OAAO,GAAG,IAAI,aAAY,EAAE,CAAC;AAEnC,MAAM,IAAI,GAAG,CAAC,GAAY,EAAE,GAAa,EAAE,IAAkB,EAAE,EAAE;IAC/D,wBAAwB;IACxB,MAAM,KAAK,GAAG,GAAG,CAAC,OAAO,CAAC,aAAa,CAAC;IACxC,IAAI,CAAC,KAAK,EAAE;QACV,OAAO,GAAG,CAAC,MAAM,CAAC,GAAG,CAAC,CAAC,IAAI,CAAC,EAAE,OAAO,EAAE,6BAA6B,EAAE,CAAC,CAAC;KACzE;IACD,MAAM,WAAW,GAAG,OAAO,CAAC,MAAM,CAAC,KAAK,CAAC,CAAC;IAC1C,GAAG,CAAC,IAAI,CAAC,IAAI,GAAG,WAAW,CAAC;IAC5B,OAAO,CAAC,GAAG,CAAC,cAAc,EAAE,KAAK,CAAC,CAAC;IACnC,OAAO,IAAI,EAAE,CAAC;AAChB,CAAC,CAAC;AAEF,kBAAe,IAAI,CAAC","sourcesContent":["import { Request, Response, NextFunction } from 'express';\nimport JsonWebToken from './jwt';\n\nconst DATAJWT = new JsonWebToken();\n\nconst auth = (req: Request, res: Response, next: NextFunction) => {\n  /* console.log('oi'); */\n  const token = req.headers.authorization;\n  if (!token) {\n    return res.status(400).json({ message: 'Token must be a valid token' });\n  }\n  const resultToken = DATAJWT.decode(token);\n  req.body.user = resultToken;\n  console.log('token valido', token);\n  return next();\n};\n\nexport default auth;\n"]},"_coverageSchema":"1a1c01bbd47fc00a2c39e90264f33305004495a9","hash":"65f7ab8ecaf44bcf3c154591c8212b3183063aa9"}}